[15.10.2025 16:48:06] === START SCRIPT ===
[15.10.2025 16:48:06] POST: {"last_name":"актуально","first_name":"время","age":"12","phone":"+7 (905) 909-09-09","complaints":"тестовое сообщение (джсон)"}
[15.10.2025 16:48:06] ✅ Все поля получены
[15.10.2025 16:48:07] Telegram result: {"ok":true,"result":{"message_id":81,"from":{"id":8256111621,"is_bot":true,"first_name":"Reception","username":"neopdtr_bot"},"chat":{"id":411148134,"first_name":"\u0410\u043d\u0430\u0442\u043e\u043b\u0438\u0439 \u0410\u043b\u0435\u043a\u0441\u0430\u043d\u0434\u0440\u043e\u0432\u0438\u0447","last_name":"\u0428\u0435\u043c\u044f\u043a\u0438\u043d","username":"ShemyakinAA","type":"private"},"date":1760536020,"text":"\ud83d\udcdd \u041d\u043e\u0432\u0430\u044f \u0437\u0430\u044f\u0432\u043a\u0430 \u043a\u043b\u0438\u0435\u043d\u0442\u0430\n\n\ud83d\udc64 \u0424\u0418\u041e: \u0432\u0440\u0435\u043c\u044f \u0430\u043a\u0442\u0443\u0430\u043b\u044c\u043d\u043e\n\ud83c\udf82 \u0412\u043e\u0437\u0440\u0430\u0441\u0442: 12\n\ud83d\udcf1 \u0422\u0435\u043b\u0435\u0444\u043e\u043d: +7 (905) 909-09-09\n\u23f0 \u0414\u0430\u0442\u0430: 15.10.2025 16:48\n\n\u2757 \u0416\u0430\u043b\u043e\u0431\u0430:\n- \u0442\u0435\u0441\u0442\u043e\u0432\u043e\u0435 \u0441\u043e\u043e\u0431\u0449\u0435\u043d\u0438\u0435 (\u0434\u0436\u0441\u043e\u043d)"}}
[15.10.2025 16:48:07] Telegram error: 
[15.10.2025 16:48:07] === END SCRIPT ===
[15.10.2025 16:52:45] === START SCRIPT ===
[15.10.2025 16:52:45] POST: {"last_name":"ласт","first_name":"месседж","age":"12","phone":"+7 (905) 909-09-09","complaints":"джсон"}
[15.10.2025 16:52:45] ✅ Все поля получены
[15.10.2025 16:52:45] Telegram result: {"ok":true,"result":{"message_id":82,"from":{"id":8256111621,"is_bot":true,"first_name":"Reception","username":"neopdtr_bot"},"chat":{"id":411148134,"first_name":"\u0410\u043d\u0430\u0442\u043e\u043b\u0438\u0439 \u0410\u043b\u0435\u043a\u0441\u0430\u043d\u0434\u0440\u043e\u0432\u0438\u0447","last_name":"\u0428\u0435\u043c\u044f\u043a\u0438\u043d","username":"ShemyakinAA","type":"private"},"date":1760536299,"text":"\ud83d\udcdd \u041d\u043e\u0432\u0430\u044f \u0437\u0430\u044f\u0432\u043a\u0430 \u043a\u043b\u0438\u0435\u043d\u0442\u0430\n\n\ud83d\udc64 \u0424\u0418\u041e: \u043c\u0435\u0441\u0441\u0435\u0434\u0436 \u043b\u0430\u0441\u0442\n\ud83c\udf82 \u0412\u043e\u0437\u0440\u0430\u0441\u0442: 12\n\ud83d\udcf1 \u0422\u0435\u043b\u0435\u0444\u043e\u043d: +7 (905) 909-09-09\n\u23f0 \u0414\u0430\u0442\u0430: 15.10.2025 16:52\n\n\u2757 \u0416\u0430\u043b\u043e\u0431\u0430:\n- \u0434\u0436\u0441\u043e\u043d"}}
[15.10.2025 16:54:57] ⚠️ Mail error: SMTP Error: Could not connect to SMTP host. Failed to connect to server
[15.10.2025 16:54:57] === END SCRIPT ===
[15.10.2025 16:56:23] === START SCRIPT ===
[15.10.2025 16:56:23] POST: {"last_name":"ещедин","first_name":"ластмесседж","age":"13","phone":"+7 (905) 909-09-09","complaints":"е"}
[15.10.2025 16:56:23] ✅ Все поля получены
[15.10.2025 16:58:17] === START SCRIPT ===
[15.10.2025 16:58:17] POST: {"last_name":"Шемякин","first_name":"Анатолий","age":"25","phone":"9263868770","complaints":"777"}
[15.10.2025 16:58:17] ✅ Все поля получены
[15.10.2025 16:58:34] ❌ Ошибка при отправке письма: SMTP Error: Could not connect to SMTP host. Failed to connect to server SMTP server error: Failed to connect to server SMTP code: 113 Additional SMTP info: No route to host
[15.10.2025 16:58:34] Telegram result: {"ok":true,"result":{"message_id":83,"from":{"id":8256111621,"is_bot":true,"first_name":"Reception","username":"neopdtr_bot"},"chat":{"id":411148134,"first_name":"\u0410\u043d\u0430\u0442\u043e\u043b\u0438\u0439 \u0410\u043b\u0435\u043a\u0441\u0430\u043d\u0434\u0440\u043e\u0432\u0438\u0447","last_name":"\u0428\u0435\u043c\u044f\u043a\u0438\u043d","username":"ShemyakinAA","type":"private"},"date":1760536648,"text":"\ud83d\udcdd \u041d\u043e\u0432\u0430\u044f \u0437\u0430\u044f\u0432\u043a\u0430 \u043a\u043b\u0438\u0435\u043d\u0442\u0430\n\n\ud83d\udc64 \u0424\u0418\u041e: \u043b\u0430\u0441\u0442\u043c\u0435\u0441\u0441\u0435\u0434\u0436 \u0435\u0449\u0435\u0434\u0438\u043d\n\ud83c\udf82 \u0412\u043e\u0437\u0440\u0430\u0441\u0442: 13\n\ud83d\udcf1 \u0422\u0435\u043b\u0435\u0444\u043e\u043d: +7 (905) 909-09-09\n\u23f0 \u0414\u0430\u0442\u0430: 15.10.2025 16:56\n\n\u2757 \u0416\u0430\u043b\u043e\u0431\u0430:\n- \u0435"}}
[15.10.2025 16:58:34] Telegram error: 
[15.10.2025 16:58:34] === END SCRIPT ===
[15.10.2025 16:59:40] === START SCRIPT ===
[15.10.2025 16:59:40] POST: {"last_name":"Шемякин","first_name":"Анатолий","age":"25","phone":"9263868770","complaints":"777\r\n"}
[15.10.2025 16:59:40] ✅ Все поля получены
[15.10.2025 16:59:56] === START SCRIPT ===
[15.10.2025 16:59:56] POST: {"last_name":"Шемякин","first_name":"Анатолий","age":"25","phone":"9263868770","complaints":"777\r\n"}
[15.10.2025 16:59:56] ✅ Все поля получены
[15.10.2025 17:00:28] ❌ Ошибка при отправке письма: SMTP Error: Could not connect to SMTP host. Failed to connect to server SMTP server error: Failed to connect to server SMTP code: 113 Additional SMTP info: No route to host
[15.10.2025 17:00:29] Telegram result: {"ok":true,"result":{"message_id":84,"from":{"id":8256111621,"is_bot":true,"first_name":"Reception","username":"neopdtr_bot"},"chat":{"id":411148134,"first_name":"\u0410\u043d\u0430\u0442\u043e\u043b\u0438\u0439 \u0410\u043b\u0435\u043a\u0441\u0430\u043d\u0434\u0440\u043e\u0432\u0438\u0447","last_name":"\u0428\u0435\u043c\u044f\u043a\u0438\u043d","username":"ShemyakinAA","type":"private"},"date":1760536762,"text":"\ud83d\udcdd \u041d\u043e\u0432\u0430\u044f \u0437\u0430\u044f\u0432\u043a\u0430 \u043a\u043b\u0438\u0435\u043d\u0442\u0430\n\n\ud83d\udc64 \u0424\u0418\u041e: \u0410\u043d\u0430\u0442\u043e\u043b\u0438\u0439 \u0428\u0435\u043c\u044f\u043a\u0438\u043d\n\ud83c\udf82 \u0412\u043e\u0437\u0440\u0430\u0441\u0442: 25\n\ud83d\udcf1 \u0422\u0435\u043b\u0435\u0444\u043e\u043d: 9263868770\n\u23f0 \u0414\u0430\u0442\u0430: 15.10.2025 16:58\n\n\u2757 \u0416\u0430\u043b\u043e\u0431\u0430:\n- 777"}}
[15.10.2025 17:00:29] Telegram error: 
[15.10.2025 17:00:29] === END SCRIPT ===
[15.10.2025 17:01:50] ❌ Ошибка при отправке письма: SMTP Error: Could not connect to SMTP host. Failed to connect to server SMTP server error: Failed to connect to server SMTP code: 113 Additional SMTP info: No route to host
[15.10.2025 17:01:51] Telegram result: {"ok":true,"result":{"message_id":85,"from":{"id":8256111621,"is_bot":true,"first_name":"Reception","username":"neopdtr_bot"},"chat":{"id":411148134,"first_name":"\u0410\u043d\u0430\u0442\u043e\u043b\u0438\u0439 \u0410\u043b\u0435\u043a\u0441\u0430\u043d\u0434\u0440\u043e\u0432\u0438\u0447","last_name":"\u0428\u0435\u043c\u044f\u043a\u0438\u043d","username":"ShemyakinAA","type":"private"},"date":1760536844,"text":"\ud83d\udcdd \u041d\u043e\u0432\u0430\u044f \u0437\u0430\u044f\u0432\u043a\u0430 \u043a\u043b\u0438\u0435\u043d\u0442\u0430\n\n\ud83d\udc64 \u0424\u0418\u041e: \u0410\u043d\u0430\u0442\u043e\u043b\u0438\u0439 \u0428\u0435\u043c\u044f\u043a\u0438\u043d\n\ud83c\udf82 \u0412\u043e\u0437\u0440\u0430\u0441\u0442: 25\n\ud83d\udcf1 \u0422\u0435\u043b\u0435\u0444\u043e\u043d: 9263868770\n\u23f0 \u0414\u0430\u0442\u0430: 15.10.2025 16:59\n\n\u2757 \u0416\u0430\u043b\u043e\u0431\u0430:\n- 777"}}
[15.10.2025 17:01:51] Telegram error: 
[15.10.2025 17:01:51] === END SCRIPT ===
[15.10.2025 17:02:07] ❌ Ошибка при отправке письма: SMTP Error: Could not connect to SMTP host. Failed to connect to server SMTP server error: Failed to connect to server SMTP code: 113 Additional SMTP info: No route to host
[15.10.2025 17:02:07] Telegram result: {"ok":true,"result":{"message_id":86,"from":{"id":8256111621,"is_bot":true,"first_name":"Reception","username":"neopdtr_bot"},"chat":{"id":411148134,"first_name":"\u0410\u043d\u0430\u0442\u043e\u043b\u0438\u0439 \u0410\u043b\u0435\u043a\u0441\u0430\u043d\u0434\u0440\u043e\u0432\u0438\u0447","last_name":"\u0428\u0435\u043c\u044f\u043a\u0438\u043d","username":"ShemyakinAA","type":"private"},"date":1760536861,"text":"\ud83d\udcdd \u041d\u043e\u0432\u0430\u044f \u0437\u0430\u044f\u0432\u043a\u0430 \u043a\u043b\u0438\u0435\u043d\u0442\u0430\n\n\ud83d\udc64 \u0424\u0418\u041e: \u0410\u043d\u0430\u0442\u043e\u043b\u0438\u0439 \u0428\u0435\u043c\u044f\u043a\u0438\u043d\n\ud83c\udf82 \u0412\u043e\u0437\u0440\u0430\u0441\u0442: 25\n\ud83d\udcf1 \u0422\u0435\u043b\u0435\u0444\u043e\u043d: 9263868770\n\u23f0 \u0414\u0430\u0442\u0430: 15.10.2025 16:59\n\n\u2757 \u0416\u0430\u043b\u043e\u0431\u0430:\n- 777"}}
[15.10.2025 17:02:07] Telegram error: 
[15.10.2025 17:02:07] === END SCRIPT ===
[15.10.2025 17:02:41] === START SCRIPT ===
[15.10.2025 17:02:41] POST: {"last_name":"Шемякин","first_name":"Анатолий","age":"25","phone":"9263868770","complaints":"777888\r\n"}
[15.10.2025 17:02:41] ✅ Все поля получены
[15.10.2025 17:04:51] ❌ Ошибка при отправке письма: SMTP Error: Could not connect to SMTP host. Failed to connect to server SMTP server error: Failed to connect to server SMTP code: 113 Additional SMTP info: No route to host
[15.10.2025 17:04:51] Telegram result: {"ok":true,"result":{"message_id":87,"from":{"id":8256111621,"is_bot":true,"first_name":"Reception","username":"neopdtr_bot"},"chat":{"id":411148134,"first_name":"\u0410\u043d\u0430\u0442\u043e\u043b\u0438\u0439 \u0410\u043b\u0435\u043a\u0441\u0430\u043d\u0434\u0440\u043e\u0432\u0438\u0447","last_name":"\u0428\u0435\u043c\u044f\u043a\u0438\u043d","username":"ShemyakinAA","type":"private"},"date":1760537024,"text":"\ud83d\udcdd \u041d\u043e\u0432\u0430\u044f \u0437\u0430\u044f\u0432\u043a\u0430 \u043a\u043b\u0438\u0435\u043d\u0442\u0430\n\n\ud83d\udc64 \u0424\u0418\u041e: \u0410\u043d\u0430\u0442\u043e\u043b\u0438\u0439 \u0428\u0435\u043c\u044f\u043a\u0438\u043d\n\ud83c\udf82 \u0412\u043e\u0437\u0440\u0430\u0441\u0442: 25\n\ud83d\udcf1 \u0422\u0435\u043b\u0435\u0444\u043e\u043d: 9263868770\n\u23f0 \u0414\u0430\u0442\u0430: 15.10.2025 17:02\n\n\u2757 \u0416\u0430\u043b\u043e\u0431\u0430:\n- 777888"}}
[15.10.2025 17:04:51] Telegram error: 
[15.10.2025 17:04:51] === END SCRIPT ===
[15.10.2025 17:30:01] === START SCRIPT ===
[15.10.2025 17:30:01] POST: {"last_name":"22","first_name":"22","age":"22","phone":"+7 (905) 909-09-09","complaints":"2222"}
[15.10.2025 17:30:01] ✅ Все поля получены
[15.10.2025 17:32:11] ❌ Ошибка при отправке письма: SMTP Error: Could not connect to SMTP host. Failed to connect to server SMTP server error: Failed to connect to server SMTP code: 113 Additional SMTP info: No route to host
[15.10.2025 17:32:11] Telegram result: {"ok":true,"result":{"message_id":88,"from":{"id":8256111621,"is_bot":true,"first_name":"Reception","username":"neopdtr_bot"},"chat":{"id":411148134,"first_name":"\u0410\u043d\u0430\u0442\u043e\u043b\u0438\u0439 \u0410\u043b\u0435\u043a\u0441\u0430\u043d\u0434\u0440\u043e\u0432\u0438\u0447","last_name":"\u0428\u0435\u043c\u044f\u043a\u0438\u043d","username":"ShemyakinAA","type":"private"},"date":1760538665,"text":"\ud83d\udcdd \u041d\u043e\u0432\u0430\u044f \u0437\u0430\u044f\u0432\u043a\u0430 \u043a\u043b\u0438\u0435\u043d\u0442\u0430\n\n\ud83d\udc64 \u0424\u0418\u041e: 22 22\n\ud83c\udf82 \u0412\u043e\u0437\u0440\u0430\u0441\u0442: 22\n\ud83d\udcf1 \u0422\u0435\u043b\u0435\u0444\u043e\u043d: +7 (905) 909-09-09\n\u23f0 \u0414\u0430\u0442\u0430: 15.10.2025 17:30\n\n\u2757 \u0416\u0430\u043b\u043e\u0431\u0430:\n- 2222"}}
[15.10.2025 17:32:11] Telegram error: 
[15.10.2025 17:32:11] === END SCRIPT ===
[15.10.2025 18:22:22] === START SCRIPT ===
[15.10.2025 18:22:22] POST: {"last_name":"1232","first_name":"221","age":"12","phone":"+7 (905) 909-09-09","complaints":"5rt"}
[15.10.2025 18:22:22] ✅ Все поля получены
[15.10.2025 18:22:24] 📧 Письмо успешно отправлено
[15.10.2025 18:22:24] Telegram result: {"ok":true,"result":{"message_id":89,"from":{"id":8256111621,"is_bot":true,"first_name":"Reception","username":"neopdtr_bot"},"chat":{"id":411148134,"first_name":"\u0410\u043d\u0430\u0442\u043e\u043b\u0438\u0439 \u0410\u043b\u0435\u043a\u0441\u0430\u043d\u0434\u0440\u043e\u0432\u0438\u0447","last_name":"\u0428\u0435\u043c\u044f\u043a\u0438\u043d","username":"ShemyakinAA","type":"private"},"date":1760541677,"text":"\ud83d\udcdd \u041d\u043e\u0432\u0430\u044f \u0437\u0430\u044f\u0432\u043a\u0430 \u043a\u043b\u0438\u0435\u043d\u0442\u0430\n\n\ud83d\udc64 \u0424\u0418\u041e: 221 1232\n\ud83c\udf82 \u0412\u043e\u0437\u0440\u0430\u0441\u0442: 12\n\ud83d\udcf1 \u0422\u0435\u043b\u0435\u0444\u043e\u043d: +7 (905) 909-09-09\n\u23f0 \u0414\u0430\u0442\u0430: 15.10.2025 18:22\n\n\u2757 \u0416\u0430\u043b\u043e\u0431\u0430:\n- 5rt"}}
[15.10.2025 18:22:24] Telegram error: 
[15.10.2025 18:22:24] === END SCRIPT ===
[15.10.2025 21:02:44] === START SCRIPT ===
[15.10.2025 21:02:44] POST: {"last_name":"укпеп","first_name":"укпку","age":"54","phone":"ккепепеуп","complaints":"кепекпеп777"}
[15.10.2025 21:02:44] ✅ Все поля получены
[15.10.2025 21:02:46] 📧 Письмо успешно отправлено
[15.10.2025 21:02:47] Telegram result: {"ok":true,"result":{"message_id":90,"from":{"id":8256111621,"is_bot":true,"first_name":"Reception","username":"neopdtr_bot"},"chat":{"id":411148134,"first_name":"\u0410\u043d\u0430\u0442\u043e\u043b\u0438\u0439 \u0410\u043b\u0435\u043a\u0441\u0430\u043d\u0434\u0440\u043e\u0432\u0438\u0447","last_name":"\u0428\u0435\u043c\u044f\u043a\u0438\u043d","username":"ShemyakinAA","type":"private"},"date":1760551300,"text":"\ud83d\udcdd \u041d\u043e\u0432\u0430\u044f \u0437\u0430\u044f\u0432\u043a\u0430 \u043a\u043b\u0438\u0435\u043d\u0442\u0430\n\n\ud83d\udc64 \u0424\u0418\u041e: \u0443\u043a\u043f\u043a\u0443 \u0443\u043a\u043f\u0435\u043f\n\ud83c\udf82 \u0412\u043e\u0437\u0440\u0430\u0441\u0442: 54\n\ud83d\udcf1 \u0422\u0435\u043b\u0435\u0444\u043e\u043d: \u043a\u043a\u0435\u043f\u0435\u043f\u0435\u0443\u043f\n\u23f0 \u0414\u0430\u0442\u0430: 15.10.2025 21:02\n\n\u2757 \u0416\u0430\u043b\u043e\u0431\u0430:\n- \u043a\u0435\u043f\u0435\u043a\u043f\u0435\u043f777"}}
[15.10.2025 21:02:47] Telegram error: 
[15.10.2025 21:02:47] === END SCRIPT ===
[16.10.2025 08:36:17] === START SCRIPT ===
[16.10.2025 08:36:17] POST: {"last_name":"Шемякин","first_name":"Анатолий","age":"35","phone":"8926 386 87 70","complaints":"зцйущаруушшушу"}
[16.10.2025 08:36:17] ✅ Все поля получены
[16.10.2025 08:36:19] 📧 Письмо успешно отправлено
[16.10.2025 08:36:19] Telegram result: {"ok":true,"result":{"message_id":91,"from":{"id":8256111621,"is_bot":true,"first_name":"Reception","username":"neopdtr_bot"},"chat":{"id":411148134,"first_name":"\u0410\u043d\u0430\u0442\u043e\u043b\u0438\u0439 \u0410\u043b\u0435\u043a\u0441\u0430\u043d\u0434\u0440\u043e\u0432\u0438\u0447","last_name":"\u0428\u0435\u043c\u044f\u043a\u0438\u043d","username":"ShemyakinAA","type":"private"},"date":1760592912,"text":"\ud83d\udcdd \u041d\u043e\u0432\u0430\u044f \u0437\u0430\u044f\u0432\u043a\u0430 \u043a\u043b\u0438\u0435\u043d\u0442\u0430\n\n\ud83d\udc64 \u0424\u0418\u041e: \u0410\u043d\u0430\u0442\u043e\u043b\u0438\u0439 \u0428\u0435\u043c\u044f\u043a\u0438\u043d\n\ud83c\udf82 \u0412\u043e\u0437\u0440\u0430\u0441\u0442: 35\n\ud83d\udcf1 \u0422\u0435\u043b\u0435\u0444\u043e\u043d: 8926 386 87 70\n\u23f0 \u0414\u0430\u0442\u0430: 16.10.2025 08:36\n\n\u2757 \u0416\u0430\u043b\u043e\u0431\u0430:\n- \u0437\u0446\u0439\u0443\u0449\u0430\u0440\u0443\u0443\u0448\u0448\u0443\u0448\u0443"}}
[16.10.2025 08:36:19] Telegram error: 
[16.10.2025 08:36:19] === END SCRIPT ===
[16.10.2025 10:28:18] === START SCRIPT ===
[16.10.2025 10:28:18] POST: {"last_name":"Мороева","first_name":"Мария","age":"38","phone":"89531794911","complaints":"С февраля болит плечо левое, есть мрт на диске, делала физио, сейчас хожу на лфк, стало лучше, но до конца подвижность не восстанавливается.  Также по левой стороне боли в бедре при ходьбе ощущение что трет сустав, это не проверяла"}
[16.10.2025 10:28:18] ✅ Все поля получены
[16.10.2025 10:28:20] 📧 Письмо успешно отправлено
[16.10.2025 10:28:20] Telegram result: {"ok":true,"result":{"message_id":92,"from":{"id":8256111621,"is_bot":true,"first_name":"Reception P-DTR","username":"neopdtr_bot"},"chat":{"id":411148134,"first_name":"\u0410\u043d\u0430\u0442\u043e\u043b\u0438\u0439 \u0410\u043b\u0435\u043a\u0441\u0430\u043d\u0434\u0440\u043e\u0432\u0438\u0447","last_name":"\u0428\u0435\u043c\u044f\u043a\u0438\u043d","username":"ShemyakinAA","type":"private"},"date":1760599633,"text":"\ud83d\udcdd \u041d\u043e\u0432\u0430\u044f \u0437\u0430\u044f\u0432\u043a\u0430 \u043a\u043b\u0438\u0435\u043d\u0442\u0430\n\n\ud83d\udc64 \u0424\u0418\u041e: \u041c\u0430\u0440\u0438\u044f \u041c\u043e\u0440\u043e\u0435\u0432\u0430\n\ud83c\udf82 \u0412\u043e\u0437\u0440\u0430\u0441\u0442: 38\n\ud83d\udcf1 \u0422\u0435\u043b\u0435\u0444\u043e\u043d: 89531794911\n\u23f0 \u0414\u0430\u0442\u0430: 16.10.2025 10:28\n\n\u2757 \u0416\u0430\u043b\u043e\u0431\u0430:\n- \u0421 \u0444\u0435\u0432\u0440\u0430\u043b\u044f \u0431\u043e\u043b\u0438\u0442 \u043f\u043b\u0435\u0447\u043e \u043b\u0435\u0432\u043e\u0435, \u0435\u0441\u0442\u044c \u043c\u0440\u0442 \u043d\u0430 \u0434\u0438\u0441\u043a\u0435, \u0434\u0435\u043b\u0430\u043b\u0430 \u0444\u0438\u0437\u0438\u043e, \u0441\u0435\u0439\u0447\u0430\u0441 \u0445\u043e\u0436\u0443 \u043d\u0430 \u043b\u0444\u043a, \u0441\u0442\u0430\u043b\u043e \u043b\u0443\u0447\u0448\u0435, \u043d\u043e \u0434\u043e \u043a\u043e\u043d\u0446\u0430 \u043f\u043e\u0434\u0432\u0438\u0436\u043d\u043e\u0441\u0442\u044c \u043d\u0435 \u0432\u043e\u0441\u0441\u0442\u0430\u043d\u0430\u0432\u043b\u0438\u0432\u0430\u0435\u0442\u0441\u044f.  \u0422\u0430\u043a\u0436\u0435 \u043f\u043e \u043b\u0435\u0432\u043e\u0439 \u0441\u0442\u043e\u0440\u043e\u043d\u0435 \u0431\u043e\u043b\u0438 \u0432 \u0431\u0435\u0434\u0440\u0435 \u043f\u0440\u0438 \u0445\u043e\u0434\u044c\u0431\u0435 \u043e\u0449\u0443\u0449\u0435\u043d\u0438\u0435 \u0447\u0442\u043e \u0442\u0440\u0435\u0442 \u0441\u0443\u0441\u0442\u0430\u0432, \u044d\u0442\u043e \u043d\u0435 \u043f\u0440\u043e\u0432\u0435\u0440\u044f\u043b\u0430"}}
[16.10.2025 10:28:20] Telegram error: 
[16.10.2025 10:28:20] === END SCRIPT ===
[18.10.2025 15:41:55] === START SCRIPT ===
[18.10.2025 15:41:55] POST: {"last_name":"Лапчинский","first_name":"Артем","age":"32","phone":"89997501735","complaints":"Постоянные мышечные боли в спине, шее"}
[18.10.2025 15:41:55] ✅ Все поля получены
[18.10.2025 15:41:57] 📧 Письмо успешно отправлено
[18.10.2025 15:41:58] Telegram result: {"ok":true,"result":{"message_id":93,"from":{"id":8256111621,"is_bot":true,"first_name":"Reception P-DTR","username":"neopdtr_bot"},"chat":{"id":411148134,"first_name":"\u0410\u043d\u0430\u0442\u043e\u043b\u0438\u0439 \u0410\u043b\u0435\u043a\u0441\u0430\u043d\u0434\u0440\u043e\u0432\u0438\u0447","last_name":"\u0428\u0435\u043c\u044f\u043a\u0438\u043d","username":"ShemyakinAA","type":"private"},"date":1760791251,"text":"\ud83d\udcdd \u041d\u043e\u0432\u0430\u044f \u0437\u0430\u044f\u0432\u043a\u0430 \u043a\u043b\u0438\u0435\u043d\u0442\u0430\n\n\ud83d\udc64 \u0424\u0418\u041e: \u0410\u0440\u0442\u0435\u043c \u041b\u0430\u043f\u0447\u0438\u043d\u0441\u043a\u0438\u0439\n\ud83c\udf82 \u0412\u043e\u0437\u0440\u0430\u0441\u0442: 32\n\ud83d\udcf1 \u0422\u0435\u043b\u0435\u0444\u043e\u043d: 89997501735\n\u23f0 \u0414\u0430\u0442\u0430: 18.10.2025 15:41\n\n\u2757 \u0416\u0430\u043b\u043e\u0431\u0430:\n- \u041f\u043e\u0441\u0442\u043e\u044f\u043d\u043d\u044b\u0435 \u043c\u044b\u0448\u0435\u0447\u043d\u044b\u0435 \u0431\u043e\u043b\u0438 \u0432 \u0441\u043f\u0438\u043d\u0435, \u0448\u0435\u0435"}}
[18.10.2025 15:41:58] Telegram error: 
[18.10.2025 15:41:58] === END SCRIPT ===
[21.10.2025 02:08:29] === START SCRIPT ===
[21.10.2025 02:08:29] POST: []
[21.10.2025 02:08:29] ❌ Не все поля заполнены
[27.10.2025 11:34:42] === START SCRIPT ===
[27.10.2025 11:34:42] POST: {"last_name":"Глущевская","first_name":"Ирина","age":"55","phone":"89204303212","complaints":"Боль в кпс. Перекос таза. Скованность в мышцах. Правая страна тела спазмтрована."}
[27.10.2025 11:34:42] ✅ Все поля получены
[27.10.2025 11:34:45] 📧 Письмо успешно отправлено
[27.10.2025 11:34:45] Telegram result: {"ok":true,"result":{"message_id":94,"from":{"id":8256111621,"is_bot":true,"first_name":"Reception P-DTR","username":"neopdtr_bot"},"chat":{"id":411148134,"first_name":"\u0410\u043d\u0430\u0442\u043e\u043b\u0438\u0439 \u0410\u043b\u0435\u043a\u0441\u0430\u043d\u0434\u0440\u043e\u0432\u0438\u0447","last_name":"\u0428\u0435\u043c\u044f\u043a\u0438\u043d","username":"ShemyakinAA","type":"private"},"date":1761554020,"text":"\ud83d\udcdd \u041d\u043e\u0432\u0430\u044f \u0437\u0430\u044f\u0432\u043a\u0430 \u043a\u043b\u0438\u0435\u043d\u0442\u0430\n\n\ud83d\udc64 \u0424\u0418\u041e: \u0418\u0440\u0438\u043d\u0430 \u0413\u043b\u0443\u0449\u0435\u0432\u0441\u043a\u0430\u044f\n\ud83c\udf82 \u0412\u043e\u0437\u0440\u0430\u0441\u0442: 55\n\ud83d\udcf1 \u0422\u0435\u043b\u0435\u0444\u043e\u043d: 89204303212\n\u23f0 \u0414\u0430\u0442\u0430: 27.10.2025 11:34\n\n\u2757 \u0416\u0430\u043b\u043e\u0431\u0430:\n- \u0411\u043e\u043b\u044c \u0432 \u043a\u043f\u0441. \u041f\u0435\u0440\u0435\u043a\u043e\u0441 \u0442\u0430\u0437\u0430. \u0421\u043a\u043e\u0432\u0430\u043d\u043d\u043e\u0441\u0442\u044c \u0432 \u043c\u044b\u0448\u0446\u0430\u0445. \u041f\u0440\u0430\u0432\u0430\u044f \u0441\u0442\u0440\u0430\u043d\u0430 \u0442\u0435\u043b\u0430 \u0441\u043f\u0430\u0437\u043c\u0442\u0440\u043e\u0432\u0430\u043d\u0430."}}
[27.10.2025 11:34:45] Telegram error: 
[27.10.2025 11:34:45] === END SCRIPT ===
[28.10.2025 23:47:59] === START SCRIPT ===
[28.10.2025 23:47:59] POST: {"last_name":"Никельская","first_name":"Антонина","age":"67","phone":"9854235283","complaints":"Тазовые боли: боли в тазобедренных суставах, в ягодице  слева,, онемение стоп обеих ног, с сохранением чувствительности, судороги ног, спазмирование икроножных мышц.\r\nбыстрая усталость, головные боли. Затрудненность вдоха."}
[28.10.2025 23:47:59] ✅ Все поля получены
[28.10.2025 23:48:02] 📧 Письмо успешно отправлено
[28.10.2025 23:48:02] Telegram result: {"ok":true,"result":{"message_id":95,"from":{"id":8256111621,"is_bot":true,"first_name":"Reception P-DTR","username":"neopdtr_bot"},"chat":{"id":411148134,"first_name":"\u0410\u043d\u0430\u0442\u043e\u043b\u0438\u0439 \u0410\u043b\u0435\u043a\u0441\u0430\u043d\u0434\u0440\u043e\u0432\u0438\u0447","last_name":"\u0428\u0435\u043c\u044f\u043a\u0438\u043d","username":"ShemyakinAA","type":"private"},"date":1761684417,"text":"\ud83d\udcdd \u041d\u043e\u0432\u0430\u044f \u0437\u0430\u044f\u0432\u043a\u0430 \u043a\u043b\u0438\u0435\u043d\u0442\u0430\n\n\ud83d\udc64 \u0424\u0418\u041e: \u0410\u043d\u0442\u043e\u043d\u0438\u043d\u0430 \u041d\u0438\u043a\u0435\u043b\u044c\u0441\u043a\u0430\u044f\n\ud83c\udf82 \u0412\u043e\u0437\u0440\u0430\u0441\u0442: 67\n\ud83d\udcf1 \u0422\u0435\u043b\u0435\u0444\u043e\u043d: 9854235283\n\u23f0 \u0414\u0430\u0442\u0430: 28.10.2025 23:47\n\n\u2757 \u0416\u0430\u043b\u043e\u0431\u0430:\n- \u0422\u0430\u0437\u043e\u0432\u044b\u0435 \u0431\u043e\u043b\u0438: \u0431\u043e\u043b\u0438 \u0432 \u0442\u0430\u0437\u043e\u0431\u0435\u0434\u0440\u0435\u043d\u043d\u044b\u0445 \u0441\u0443\u0441\u0442\u0430\u0432\u0430\u0445, \u0432 \u044f\u0433\u043e\u0434\u0438\u0446\u0435  \u0441\u043b\u0435\u0432\u0430,, \u043e\u043d\u0435\u043c\u0435\u043d\u0438\u0435 \u0441\u0442\u043e\u043f \u043e\u0431\u0435\u0438\u0445 \u043d\u043e\u0433, \u0441 \u0441\u043e\u0445\u0440\u0430\u043d\u0435\u043d\u0438\u0435\u043c \u0447\u0443\u0432\u0441\u0442\u0432\u0438\u0442\u0435\u043b\u044c\u043d\u043e\u0441\u0442\u0438, \u0441\u0443\u0434\u043e\u0440\u043e\u0433\u0438 \u043d\u043e\u0433, \u0441\u043f\u0430\u0437\u043c\u0438\u0440\u043e\u0432\u0430\u043d\u0438\u0435 \u0438\u043a\u0440\u043e\u043d\u043e\u0436\u043d\u044b\u0445 \u043c\u044b\u0448\u0446.\n\u0431\u044b\u0441\u0442\u0440\u0430\u044f \u0443\u0441\u0442\u0430\u043b\u043e\u0441\u0442\u044c, \u0433\u043e\u043b\u043e\u0432\u043d\u044b\u0435 \u0431\u043e\u043b\u0438. \u0417\u0430\u0442\u0440\u0443\u0434\u043d\u0435\u043d\u043d\u043e\u0441\u0442\u044c \u0432\u0434\u043e\u0445\u0430."}}
[28.10.2025 23:48:02] Telegram error: 
[28.10.2025 23:48:02] === END SCRIPT ===
[28.10.2025 23:58:13] === START SCRIPT ===
[28.10.2025 23:58:13] POST: {"last_name":"Никельская","first_name":"Антонина","age":"67","phone":"9854235283","complaints":"Тазовые боли: боли в тазобедренных суставах, в ягодице слева, онемение стоп обеих ног с сохранением чувствительности. Спазмы  икроножных мышц, судороги ног с деформацией стопы. Головные и  шейные боли, плохой сон. Желудочно кишечные боли непонятного происхождения. Короткий вдох или невозможнлсть его сделать. Быстрая утомляемость. "}
[28.10.2025 23:58:13] ✅ Все поля получены
[28.10.2025 23:58:15] 📧 Письмо успешно отправлено
[28.10.2025 23:58:16] Telegram result: {"ok":true,"result":{"message_id":96,"from":{"id":8256111621,"is_bot":true,"first_name":"Reception P-DTR","username":"neopdtr_bot"},"chat":{"id":411148134,"first_name":"\u0410\u043d\u0430\u0442\u043e\u043b\u0438\u0439 \u0410\u043b\u0435\u043a\u0441\u0430\u043d\u0434\u0440\u043e\u0432\u0438\u0447","last_name":"\u0428\u0435\u043c\u044f\u043a\u0438\u043d","username":"ShemyakinAA","type":"private"},"date":1761685031,"text":"\ud83d\udcdd \u041d\u043e\u0432\u0430\u044f \u0437\u0430\u044f\u0432\u043a\u0430 \u043a\u043b\u0438\u0435\u043d\u0442\u0430\n\n\ud83d\udc64 \u0424\u0418\u041e: \u0410\u043d\u0442\u043e\u043d\u0438\u043d\u0430 \u041d\u0438\u043a\u0435\u043b\u044c\u0441\u043a\u0430\u044f\n\ud83c\udf82 \u0412\u043e\u0437\u0440\u0430\u0441\u0442: 67\n\ud83d\udcf1 \u0422\u0435\u043b\u0435\u0444\u043e\u043d: 9854235283\n\u23f0 \u0414\u0430\u0442\u0430: 28.10.2025 23:58\n\n\u2757 \u0416\u0430\u043b\u043e\u0431\u0430:\n- \u0422\u0430\u0437\u043e\u0432\u044b\u0435 \u0431\u043e\u043b\u0438: \u0431\u043e\u043b\u0438 \u0432 \u0442\u0430\u0437\u043e\u0431\u0435\u0434\u0440\u0435\u043d\u043d\u044b\u0445 \u0441\u0443\u0441\u0442\u0430\u0432\u0430\u0445, \u0432 \u044f\u0433\u043e\u0434\u0438\u0446\u0435 \u0441\u043b\u0435\u0432\u0430, \u043e\u043d\u0435\u043c\u0435\u043d\u0438\u0435 \u0441\u0442\u043e\u043f \u043e\u0431\u0435\u0438\u0445 \u043d\u043e\u0433 \u0441 \u0441\u043e\u0445\u0440\u0430\u043d\u0435\u043d\u0438\u0435\u043c \u0447\u0443\u0432\u0441\u0442\u0432\u0438\u0442\u0435\u043b\u044c\u043d\u043e\u0441\u0442\u0438. \u0421\u043f\u0430\u0437\u043c\u044b  \u0438\u043a\u0440\u043e\u043d\u043e\u0436\u043d\u044b\u0445 \u043c\u044b\u0448\u0446, \u0441\u0443\u0434\u043e\u0440\u043e\u0433\u0438 \u043d\u043e\u0433 \u0441 \u0434\u0435\u0444\u043e\u0440\u043c\u0430\u0446\u0438\u0435\u0439 \u0441\u0442\u043e\u043f\u044b. \u0413\u043e\u043b\u043e\u0432\u043d\u044b\u0435 \u0438  \u0448\u0435\u0439\u043d\u044b\u0435 \u0431\u043e\u043b\u0438, \u043f\u043b\u043e\u0445\u043e\u0439 \u0441\u043e\u043d. \u0416\u0435\u043b\u0443\u0434\u043e\u0447\u043d\u043e \u043a\u0438\u0448\u0435\u0447\u043d\u044b\u0435 \u0431\u043e\u043b\u0438 \u043d\u0435\u043f\u043e\u043d\u044f\u0442\u043d\u043e\u0433\u043e \u043f\u0440\u043e\u0438\u0441\u0445\u043e\u0436\u0434\u0435\u043d\u0438\u044f. \u041a\u043e\u0440\u043e\u0442\u043a\u0438\u0439 \u0432\u0434\u043e\u0445 \u0438\u043b\u0438 \u043d\u0435\u0432\u043e\u0437\u043c\u043e\u0436\u043d\u043b\u0441\u0442\u044c \u0435\u0433\u043e \u0441\u0434\u0435\u043b\u0430\u0442\u044c. \u0411\u044b\u0441\u0442\u0440\u0430\u044f \u0443\u0442\u043e\u043c\u043b\u044f\u0435\u043c\u043e\u0441\u0442\u044c."}}
[28.10.2025 23:58:16] Telegram error: 
[28.10.2025 23:58:16] === END SCRIPT ===
[02.11.2025 19:21:52] === START SCRIPT ===
[02.11.2025 19:21:52] POST: {"last_name":"Волкова","first_name":"Ольга","age":"48","phone":"9126121111","complaints":"Боль в шее"}
[02.11.2025 19:21:52] ✅ Все поля получены
[02.11.2025 19:21:54] 📧 Письмо успешно отправлено
[02.11.2025 19:21:54] Telegram result: {"ok":true,"result":{"message_id":97,"from":{"id":8256111621,"is_bot":true,"first_name":"Reception P-DTR","username":"neopdtr_bot"},"chat":{"id":411148134,"first_name":"\u0410\u043d\u0430\u0442\u043e\u043b\u0438\u0439 \u0410\u043b\u0435\u043a\u0441\u0430\u043d\u0434\u0440\u043e\u0432\u0438\u0447","last_name":"\u0428\u0435\u043c\u044f\u043a\u0438\u043d","username":"ShemyakinAA","type":"private"},"date":1762100450,"text":"\ud83d\udcdd \u041d\u043e\u0432\u0430\u044f \u0437\u0430\u044f\u0432\u043a\u0430 \u043a\u043b\u0438\u0435\u043d\u0442\u0430\n\n\ud83d\udc64 \u0424\u0418\u041e: \u041e\u043b\u044c\u0433\u0430 \u0412\u043e\u043b\u043a\u043e\u0432\u0430\n\ud83c\udf82 \u0412\u043e\u0437\u0440\u0430\u0441\u0442: 48\n\ud83d\udcf1 \u0422\u0435\u043b\u0435\u0444\u043e\u043d: 9126121111\n\u23f0 \u0414\u0430\u0442\u0430: 02.11.2025 19:21\n\n\u2757 \u0416\u0430\u043b\u043e\u0431\u0430:\n- \u0411\u043e\u043b\u044c \u0432 \u0448\u0435\u0435"}}
[02.11.2025 19:21:54] Telegram error: 
[02.11.2025 19:21:54] === END SCRIPT ===
[03.11.2025 11:20:41] === START SCRIPT ===
[03.11.2025 11:20:41] POST: {"last_name":"Погудина","first_name":"Наталья","age":"55","phone":"89057688047","complaints":"Болит все тело , перкос таза иплеч  повздошная кость с правой сторона выше, другая нога короче"}
[03.11.2025 11:20:41] ✅ Все поля получены
[03.11.2025 11:20:42] 📧 Письмо успешно отправлено
[03.11.2025 11:20:43] Telegram result: {"ok":true,"result":{"message_id":98,"from":{"id":8256111621,"is_bot":true,"first_name":"Reception P-DTR","username":"neopdtr_bot"},"chat":{"id":411148134,"first_name":"\u0410\u043d\u0430\u0442\u043e\u043b\u0438\u0439 \u0410\u043b\u0435\u043a\u0441\u0430\u043d\u0434\u0440\u043e\u0432\u0438\u0447","last_name":"\u0428\u0435\u043c\u044f\u043a\u0438\u043d","username":"ShemyakinAA","type":"private"},"date":1762157978,"text":"\ud83d\udcdd \u041d\u043e\u0432\u0430\u044f \u0437\u0430\u044f\u0432\u043a\u0430 \u043a\u043b\u0438\u0435\u043d\u0442\u0430\n\n\ud83d\udc64 \u0424\u0418\u041e: \u041d\u0430\u0442\u0430\u043b\u044c\u044f \u041f\u043e\u0433\u0443\u0434\u0438\u043d\u0430\n\ud83c\udf82 \u0412\u043e\u0437\u0440\u0430\u0441\u0442: 55\n\ud83d\udcf1 \u0422\u0435\u043b\u0435\u0444\u043e\u043d: 89057688047\n\u23f0 \u0414\u0430\u0442\u0430: 03.11.2025 11:20\n\n\u2757 \u0416\u0430\u043b\u043e\u0431\u0430:\n- \u0411\u043e\u043b\u0438\u0442 \u0432\u0441\u0435 \u0442\u0435\u043b\u043e , \u043f\u0435\u0440\u043a\u043e\u0441 \u0442\u0430\u0437\u0430 \u0438\u043f\u043b\u0435\u0447  \u043f\u043e\u0432\u0437\u0434\u043e\u0448\u043d\u0430\u044f \u043a\u043e\u0441\u0442\u044c \u0441 \u043f\u0440\u0430\u0432\u043e\u0439 \u0441\u0442\u043e\u0440\u043e\u043d\u0430 \u0432\u044b\u0448\u0435, \u0434\u0440\u0443\u0433\u0430\u044f \u043d\u043e\u0433\u0430 \u043a\u043e\u0440\u043e\u0447\u0435"}}
[03.11.2025 11:20:43] Telegram error: 
[03.11.2025 11:20:43] === END SCRIPT ===
[05.11.2025 11:14:00] === START SCRIPT ===
[05.11.2025 11:14:00] POST: {"last_name":"Цыганков","first_name":"Андрей","age":"45","phone":"+79166232713","complaints":"Здравствуйте! Беспокоит боль в грудном отделе позвоночника и в районе левой лопатки, боль пояснице и мышцах ног. "}
[05.11.2025 11:14:00] ✅ Все поля получены
[05.11.2025 11:14:02] 📧 Письмо успешно отправлено
[05.11.2025 11:14:02] Telegram result: {"ok":true,"result":{"message_id":99,"from":{"id":8256111621,"is_bot":true,"first_name":"Reception P-DTR","username":"neopdtr_bot"},"chat":{"id":411148134,"first_name":"\u0410\u043d\u0430\u0442\u043e\u043b\u0438\u0439 \u0410\u043b\u0435\u043a\u0441\u0430\u043d\u0434\u0440\u043e\u0432\u0438\u0447","last_name":"\u0428\u0435\u043c\u044f\u043a\u0438\u043d","username":"ShemyakinAA","type":"private"},"date":1762330378,"text":"\ud83d\udcdd \u041d\u043e\u0432\u0430\u044f \u0437\u0430\u044f\u0432\u043a\u0430 \u043a\u043b\u0438\u0435\u043d\u0442\u0430\n\n\ud83d\udc64 \u0424\u0418\u041e: \u0410\u043d\u0434\u0440\u0435\u0439 \u0426\u044b\u0433\u0430\u043d\u043a\u043e\u0432\n\ud83c\udf82 \u0412\u043e\u0437\u0440\u0430\u0441\u0442: 45\n\ud83d\udcf1 \u0422\u0435\u043b\u0435\u0444\u043e\u043d: +79166232713\n\u23f0 \u0414\u0430\u0442\u0430: 05.11.2025 11:14\n\n\u2757 \u0416\u0430\u043b\u043e\u0431\u0430:\n- \u0417\u0434\u0440\u0430\u0432\u0441\u0442\u0432\u0443\u0439\u0442\u0435! \u0411\u0435\u0441\u043f\u043e\u043a\u043e\u0438\u0442 \u0431\u043e\u043b\u044c \u0432 \u0433\u0440\u0443\u0434\u043d\u043e\u043c \u043e\u0442\u0434\u0435\u043b\u0435 \u043f\u043e\u0437\u0432\u043e\u043d\u043e\u0447\u043d\u0438\u043a\u0430 \u0438 \u0432 \u0440\u0430\u0439\u043e\u043d\u0435 \u043b\u0435\u0432\u043e\u0439 \u043b\u043e\u043f\u0430\u0442\u043a\u0438, \u0431\u043e\u043b\u044c \u043f\u043e\u044f\u0441\u043d\u0438\u0446\u0435 \u0438 \u043c\u044b\u0448\u0446\u0430\u0445 \u043d\u043e\u0433.","entities":[{"offset":76,"length":12,"type":"phone_number"}]}}
[05.11.2025 11:14:02] Telegram error: 
[05.11.2025 11:14:02] === END SCRIPT ===
[13.11.2025 17:35:06] === START SCRIPT ===
[13.11.2025 17:35:06] POST: {"last_name":"Шемякин","first_name":"Анатолий","age":"38","phone":"9263868770","complaints":"Клиенты"}
[13.11.2025 17:35:06] ✅ Все поля получены
[13.11.2025 17:35:08] 📧 Письмо успешно отправлено
[13.11.2025 17:35:08] Telegram result: {"ok":true,"result":{"message_id":100,"from":{"id":8256111621,"is_bot":true,"first_name":"Reception P-DTR","username":"neopdtr_bot"},"chat":{"id":411148134,"first_name":"\u0410\u043d\u0430\u0442\u043e\u043b\u0438\u0439 \u0410\u043b\u0435\u043a\u0441\u0430\u043d\u0434\u0440\u043e\u0432\u0438\u0447","last_name":"\u0428\u0435\u043c\u044f\u043a\u0438\u043d","username":"ShemyakinAA","type":"private"},"date":1763044445,"text":"\ud83d\udcdd \u041d\u043e\u0432\u0430\u044f \u0437\u0430\u044f\u0432\u043a\u0430 \u043a\u043b\u0438\u0435\u043d\u0442\u0430\n\n\ud83d\udc64 \u0424\u0418\u041e: \u0410\u043d\u0430\u0442\u043e\u043b\u0438\u0439 \u0428\u0435\u043c\u044f\u043a\u0438\u043d\n\ud83c\udf82 \u0412\u043e\u0437\u0440\u0430\u0441\u0442: 38\n\ud83d\udcf1 \u0422\u0435\u043b\u0435\u0444\u043e\u043d: 9263868770\n\u23f0 \u0414\u0430\u0442\u0430: 13.11.2025 17:35\n\n\u2757 \u0416\u0430\u043b\u043e\u0431\u0430:\n- \u041a\u043b\u0438\u0435\u043d\u0442\u044b"}}
[13.11.2025 17:35:08] Telegram error: 
[13.11.2025 17:35:08] === END SCRIPT ===
[18.11.2025 08:15:18] === START SCRIPT ===
[18.11.2025 08:15:18] POST: {"last_name":"Бытка","first_name":"Александра ","age":"45","phone":"+79099727395","complaints":"Хочу pdt-r сделать "}
[18.11.2025 08:15:18] ✅ Все поля получены
[18.11.2025 08:15:21] 📧 Письмо успешно отправлено
[18.11.2025 08:15:21] Telegram result: {"ok":true,"result":{"message_id":101,"from":{"id":8256111621,"is_bot":true,"first_name":"Reception P-DTR","username":"neopdtr_bot"},"chat":{"id":411148134,"first_name":"\u0410\u043d\u0430\u0442\u043e\u043b\u0438\u0439 \u0410\u043b\u0435\u043a\u0441\u0430\u043d\u0434\u0440\u043e\u0432\u0438\u0447","last_name":"\u0428\u0435\u043c\u044f\u043a\u0438\u043d","username":"ShemyakinAA","type":"private"},"date":1763442859,"text":"\ud83d\udcdd \u041d\u043e\u0432\u0430\u044f \u0437\u0430\u044f\u0432\u043a\u0430 \u043a\u043b\u0438\u0435\u043d\u0442\u0430\n\n\ud83d\udc64 \u0424\u0418\u041e: \u0410\u043b\u0435\u043a\u0441\u0430\u043d\u0434\u0440\u0430 \u0411\u044b\u0442\u043a\u0430\n\ud83c\udf82 \u0412\u043e\u0437\u0440\u0430\u0441\u0442: 45\n\ud83d\udcf1 \u0422\u0435\u043b\u0435\u0444\u043e\u043d: +79099727395\n\u23f0 \u0414\u0430\u0442\u0430: 18.11.2025 08:15\n\n\u2757 \u0416\u0430\u043b\u043e\u0431\u0430:\n- \u0425\u043e\u0447\u0443 pdt-r \u0441\u0434\u0435\u043b\u0430\u0442\u044c","entities":[{"offset":77,"length":12,"type":"phone_number"}]}}
[18.11.2025 08:15:21] Telegram error: 
[18.11.2025 08:15:21] === END SCRIPT ===
[20.11.2025 15:46:09] === START SCRIPT ===
[20.11.2025 15:46:09] POST: {"last_name":"Денисенко","first_name":"Елизавета","age":"34","phone":"89165831076","complaints":"Травма левого бедра.\r\nПериодические боли по задней поверхности бедра, хронический спазм.  "}
[20.11.2025 15:46:09] ✅ Все поля получены
[20.11.2025 15:46:11] 📧 Письмо успешно отправлено
[20.11.2025 15:46:11] Telegram result: {"ok":true,"result":{"message_id":102,"from":{"id":8256111621,"is_bot":true,"first_name":"Reception P-DTR","username":"neopdtr_bot"},"chat":{"id":411148134,"first_name":"\u0410\u043d\u0430\u0442\u043e\u043b\u0438\u0439 \u0410\u043b\u0435\u043a\u0441\u0430\u043d\u0434\u0440\u043e\u0432\u0438\u0447","last_name":"\u0428\u0435\u043c\u044f\u043a\u0438\u043d","username":"ShemyakinAA","type":"private"},"date":1763642709,"text":"\ud83d\udcdd \u041d\u043e\u0432\u0430\u044f \u0437\u0430\u044f\u0432\u043a\u0430 \u043a\u043b\u0438\u0435\u043d\u0442\u0430\n\n\ud83d\udc64 \u0424\u0418\u041e: \u0415\u043b\u0438\u0437\u0430\u0432\u0435\u0442\u0430 \u0414\u0435\u043d\u0438\u0441\u0435\u043d\u043a\u043e\n\ud83c\udf82 \u0412\u043e\u0437\u0440\u0430\u0441\u0442: 34\n\ud83d\udcf1 \u0422\u0435\u043b\u0435\u0444\u043e\u043d: 89165831076\n\u23f0 \u0414\u0430\u0442\u0430: 20.11.2025 15:46\n\n\u2757 \u0416\u0430\u043b\u043e\u0431\u0430:\n- \u0422\u0440\u0430\u0432\u043c\u0430 \u043b\u0435\u0432\u043e\u0433\u043e \u0431\u0435\u0434\u0440\u0430.\n\u041f\u0435\u0440\u0438\u043e\u0434\u0438\u0447\u0435\u0441\u043a\u0438\u0435 \u0431\u043e\u043b\u0438 \u043f\u043e \u0437\u0430\u0434\u043d\u0435\u0439 \u043f\u043e\u0432\u0435\u0440\u0445\u043d\u043e\u0441\u0442\u0438 \u0431\u0435\u0434\u0440\u0430, \u0445\u0440\u043e\u043d\u0438\u0447\u0435\u0441\u043a\u0438\u0439 \u0441\u043f\u0430\u0437\u043c."}}
[20.11.2025 15:46:11] Telegram error: 
[20.11.2025 15:46:11] === END SCRIPT ===
[26.11.2025 11:22:45] === START SCRIPT ===
[26.11.2025 11:22:45] POST: {"last_name":"Прусс ","first_name":"Остап ","age":"27","phone":"+79850106204","complaints":"Боли в области паха, ставили ARS синдром или симфизит."}
[26.11.2025 11:22:45] ✅ Все поля получены
[26.11.2025 11:22:47] 📧 Письмо успешно отправлено
[26.11.2025 11:22:47] Telegram result: {"ok":true,"result":{"message_id":104,"from":{"id":8256111621,"is_bot":true,"first_name":"Reception P-DTR","username":"neopdtr_bot"},"chat":{"id":411148134,"first_name":"\u0410\u043d\u0430\u0442\u043e\u043b\u0438\u0439 \u0410\u043b\u0435\u043a\u0441\u0430\u043d\u0434\u0440\u043e\u0432\u0438\u0447","last_name":"\u0428\u0435\u043c\u044f\u043a\u0438\u043d","username":"ShemyakinAA","type":"private"},"date":1764145305,"text":"\ud83d\udcdd \u041d\u043e\u0432\u0430\u044f \u0437\u0430\u044f\u0432\u043a\u0430 \u043a\u043b\u0438\u0435\u043d\u0442\u0430\n\n\ud83d\udc64 \u0424\u0418\u041e: \u041e\u0441\u0442\u0430\u043f \u041f\u0440\u0443\u0441\u0441\n\ud83c\udf82 \u0412\u043e\u0437\u0440\u0430\u0441\u0442: 27\n\ud83d\udcf1 \u0422\u0435\u043b\u0435\u0444\u043e\u043d: +79850106204\n\u23f0 \u0414\u0430\u0442\u0430: 26.11.2025 11:22\n\n\u2757 \u0416\u0430\u043b\u043e\u0431\u0430:\n- \u0411\u043e\u043b\u0438 \u0432 \u043e\u0431\u043b\u0430\u0441\u0442\u0438 \u043f\u0430\u0445\u0430, \u0441\u0442\u0430\u0432\u0438\u043b\u0438 ARS \u0441\u0438\u043d\u0434\u0440\u043e\u043c \u0438\u043b\u0438 \u0441\u0438\u043c\u0444\u0438\u0437\u0438\u0442.","entities":[{"offset":72,"length":12,"type":"phone_number"}]}}
[26.11.2025 11:22:47] Telegram error: 
[26.11.2025 11:22:47] === END SCRIPT ===
[28.11.2025 07:58:54] === START SCRIPT ===
[28.11.2025 07:58:54] POST: {"last_name":"Игнатова","first_name":"Светлана","age":"49","phone":"89265865896","complaints":"Несколько лет беспокоят боли слева от позвоночника, пониже поясницы, отдающие в ногу, особенно при наклонах и поднятии левой ноги, в также с 20-го года колени"}
[28.11.2025 07:58:54] ✅ Все поля получены
[28.11.2025 07:58:56] 📧 Письмо успешно отправлено
[28.11.2025 07:58:56] Telegram result: {"ok":true,"result":{"message_id":105,"from":{"id":8256111621,"is_bot":true,"first_name":"Reception P-DTR","username":"neopdtr_bot"},"chat":{"id":411148134,"first_name":"\u0410\u043d\u0430\u0442\u043e\u043b\u0438\u0439 \u0410\u043b\u0435\u043a\u0441\u0430\u043d\u0434\u0440\u043e\u0432\u0438\u0447","last_name":"\u0428\u0435\u043c\u044f\u043a\u0438\u043d","username":"ShemyakinAA","type":"private"},"date":1764305875,"text":"\ud83d\udcdd \u041d\u043e\u0432\u0430\u044f \u0437\u0430\u044f\u0432\u043a\u0430 \u043a\u043b\u0438\u0435\u043d\u0442\u0430\n\n\ud83d\udc64 \u0424\u0418\u041e: \u0421\u0432\u0435\u0442\u043b\u0430\u043d\u0430 \u0418\u0433\u043d\u0430\u0442\u043e\u0432\u0430\n\ud83c\udf82 \u0412\u043e\u0437\u0440\u0430\u0441\u0442: 49\n\ud83d\udcf1 \u0422\u0435\u043b\u0435\u0444\u043e\u043d: 89265865896\n\u23f0 \u0414\u0430\u0442\u0430: 28.11.2025 07:58\n\n\u2757 \u0416\u0430\u043b\u043e\u0431\u0430:\n- \u041d\u0435\u0441\u043a\u043e\u043b\u044c\u043a\u043e \u043b\u0435\u0442 \u0431\u0435\u0441\u043f\u043e\u043a\u043e\u044f\u0442 \u0431\u043e\u043b\u0438 \u0441\u043b\u0435\u0432\u0430 \u043e\u0442 \u043f\u043e\u0437\u0432\u043e\u043d\u043e\u0447\u043d\u0438\u043a\u0430, \u043f\u043e\u043d\u0438\u0436\u0435 \u043f\u043e\u044f\u0441\u043d\u0438\u0446\u044b, \u043e\u0442\u0434\u0430\u044e\u0449\u0438\u0435 \u0432 \u043d\u043e\u0433\u0443, \u043e\u0441\u043e\u0431\u0435\u043d\u043d\u043e \u043f\u0440\u0438 \u043d\u0430\u043a\u043b\u043e\u043d\u0430\u0445 \u0438 \u043f\u043e\u0434\u043d\u044f\u0442\u0438\u0438 \u043b\u0435\u0432\u043e\u0439 \u043d\u043e\u0433\u0438, \u0432 \u0442\u0430\u043a\u0436\u0435 \u0441 20-\u0433\u043e \u0433\u043e\u0434\u0430 \u043a\u043e\u043b\u0435\u043d\u0438"}}
[28.11.2025 07:58:56] Telegram error: 
[28.11.2025 07:58:56] === END SCRIPT ===
[04.12.2025 09:48:27] === START SCRIPT ===
[04.12.2025 09:48:27] POST: {"last_name":"Ступишина","first_name":"Ирина","age":"39","phone":"+79630318503","complaints":"Защемление в спине, отдает в руку и ногу"}
[04.12.2025 09:48:27] ✅ Все поля получены
[04.12.2025 09:48:29] 📧 Письмо успешно отправлено
[04.12.2025 09:48:30] Telegram result: {"ok":true,"result":{"message_id":106,"from":{"id":8256111621,"is_bot":true,"first_name":"Reception P-DTR","username":"neopdtr_bot"},"chat":{"id":411148134,"first_name":"\u0410\u043d\u0430\u0442\u043e\u043b\u0438\u0439 \u0410\u043b\u0435\u043a\u0441\u0430\u043d\u0434\u0440\u043e\u0432\u0438\u0447","last_name":"\u0428\u0435\u043c\u044f\u043a\u0438\u043d","username":"ShemyakinAA","type":"private"},"date":1764830849,"text":"\ud83d\udcdd \u041d\u043e\u0432\u0430\u044f \u0437\u0430\u044f\u0432\u043a\u0430 \u043a\u043b\u0438\u0435\u043d\u0442\u0430\n\n\ud83d\udc64 \u0424\u0418\u041e: \u0418\u0440\u0438\u043d\u0430 \u0421\u0442\u0443\u043f\u0438\u0448\u0438\u043d\u0430\n\ud83c\udf82 \u0412\u043e\u0437\u0440\u0430\u0441\u0442: 39\n\ud83d\udcf1 \u0422\u0435\u043b\u0435\u0444\u043e\u043d: +79630318503\n\u23f0 \u0414\u0430\u0442\u0430: 04.12.2025 09:48\n\n\u2757 \u0416\u0430\u043b\u043e\u0431\u0430:\n- \u0417\u0430\u0449\u0435\u043c\u043b\u0435\u043d\u0438\u0435 \u0432 \u0441\u043f\u0438\u043d\u0435, \u043e\u0442\u0434\u0430\u0435\u0442 \u0432 \u0440\u0443\u043a\u0443 \u0438 \u043d\u043e\u0433\u0443","entities":[{"offset":76,"length":12,"type":"phone_number"}]}}
[04.12.2025 09:48:30] Telegram error: 
[04.12.2025 09:48:30] === END SCRIPT ===
[08.12.2025 09:32:03] === START SCRIPT ===
[08.12.2025 09:32:03] POST: {"last_name":"Евгений","first_name":"Соболев","age":"44","phone":"89140733331","complaints":"Эо"}
[08.12.2025 09:32:03] ✅ Все поля получены
[08.12.2025 09:32:06] 📧 Письмо успешно отправлено
[08.12.2025 09:32:06] Telegram result: {"ok":true,"result":{"message_id":107,"from":{"id":8256111621,"is_bot":true,"first_name":"Reception P-DTR","username":"neopdtr_bot"},"chat":{"id":411148134,"first_name":"\u0410\u043d\u0430\u0442\u043e\u043b\u0438\u0439 \u0410\u043b\u0435\u043a\u0441\u0430\u043d\u0434\u0440\u043e\u0432\u0438\u0447","last_name":"\u0428\u0435\u043c\u044f\u043a\u0438\u043d","username":"ShemyakinAA","type":"private"},"date":1765175466,"text":"\ud83d\udcdd \u041d\u043e\u0432\u0430\u044f \u0437\u0430\u044f\u0432\u043a\u0430 \u043a\u043b\u0438\u0435\u043d\u0442\u0430\n\n\ud83d\udc64 \u0424\u0418\u041e: \u0421\u043e\u0431\u043e\u043b\u0435\u0432 \u0415\u0432\u0433\u0435\u043d\u0438\u0439\n\ud83c\udf82 \u0412\u043e\u0437\u0440\u0430\u0441\u0442: 44\n\ud83d\udcf1 \u0422\u0435\u043b\u0435\u0444\u043e\u043d: 89140733331\n\u23f0 \u0414\u0430\u0442\u0430: 08.12.2025 09:32\n\n\u2757 \u0416\u0430\u043b\u043e\u0431\u0430:\n- \u042d\u043e"}}
[08.12.2025 09:32:06] Telegram error: 
[08.12.2025 09:32:06] === END SCRIPT ===
[13.12.2025 01:12:02] === START SCRIPT ===
[13.12.2025 01:12:02] POST: {"last_name":"Комиссаров","first_name":"Пётр","age":"34","phone":"+79215636424","complaints":"Тревожность, раздражительность, \r\nБоли в макушке, шее, скуле и левой лопатке. "}
[13.12.2025 01:12:02] ✅ Все поля получены
[13.12.2025 01:12:03] 📧 Письмо успешно отправлено
[13.12.2025 01:12:04] Telegram result: {"ok":true,"result":{"message_id":108,"from":{"id":8256111621,"is_bot":true,"first_name":"Reception P-DTR","username":"neopdtr_bot"},"chat":{"id":411148134,"first_name":"\u0410\u043d\u0430\u0442\u043e\u043b\u0438\u0439 \u0410\u043b\u0435\u043a\u0441\u0430\u043d\u0434\u0440\u043e\u0432\u0438\u0447","last_name":"\u0428\u0435\u043c\u044f\u043a\u0438\u043d","username":"ShemyakinAA","type":"private"},"date":1765577464,"text":"\ud83d\udcdd \u041d\u043e\u0432\u0430\u044f \u0437\u0430\u044f\u0432\u043a\u0430 \u043a\u043b\u0438\u0435\u043d\u0442\u0430\n\n\ud83d\udc64 \u0424\u0418\u041e: \u041f\u0451\u0442\u0440 \u041a\u043e\u043c\u0438\u0441\u0441\u0430\u0440\u043e\u0432\n\ud83c\udf82 \u0412\u043e\u0437\u0440\u0430\u0441\u0442: 34\n\ud83d\udcf1 \u0422\u0435\u043b\u0435\u0444\u043e\u043d: +79215636424\n\u23f0 \u0414\u0430\u0442\u0430: 13.12.2025 01:12\n\n\u2757 \u0416\u0430\u043b\u043e\u0431\u0430:\n- \u0422\u0440\u0435\u0432\u043e\u0436\u043d\u043e\u0441\u0442\u044c, \u0440\u0430\u0437\u0434\u0440\u0430\u0436\u0438\u0442\u0435\u043b\u044c\u043d\u043e\u0441\u0442\u044c, \n\u0411\u043e\u043b\u0438 \u0432 \u043c\u0430\u043a\u0443\u0448\u043a\u0435, \u0448\u0435\u0435, \u0441\u043a\u0443\u043b\u0435 \u0438 \u043b\u0435\u0432\u043e\u0439 \u043b\u043e\u043f\u0430\u0442\u043a\u0435.","entities":[{"offset":76,"length":12,"type":"phone_number"}]}}
[13.12.2025 01:12:04] Telegram error: 
[13.12.2025 01:12:04] === END SCRIPT ===
[13.12.2025 01:13:18] === START SCRIPT ===
[13.12.2025 01:13:18] POST: {"last_name":"Комиссаров","first_name":"Петр","age":"34","phone":"+79215636424","complaints":"Тревожность, раздражительность, боль в макушке, скуле, шее, лопатке"}
[13.12.2025 01:13:18] ✅ Все поля получены
[13.12.2025 01:13:19] 📧 Письмо успешно отправлено
[13.12.2025 01:13:19] Telegram result: {"ok":true,"result":{"message_id":109,"from":{"id":8256111621,"is_bot":true,"first_name":"Reception P-DTR","username":"neopdtr_bot"},"chat":{"id":411148134,"first_name":"\u0410\u043d\u0430\u0442\u043e\u043b\u0438\u0439 \u0410\u043b\u0435\u043a\u0441\u0430\u043d\u0434\u0440\u043e\u0432\u0438\u0447","last_name":"\u0428\u0435\u043c\u044f\u043a\u0438\u043d","username":"ShemyakinAA","type":"private"},"date":1765577540,"text":"\ud83d\udcdd \u041d\u043e\u0432\u0430\u044f \u0437\u0430\u044f\u0432\u043a\u0430 \u043a\u043b\u0438\u0435\u043d\u0442\u0430\n\n\ud83d\udc64 \u0424\u0418\u041e: \u041f\u0435\u0442\u0440 \u041a\u043e\u043c\u0438\u0441\u0441\u0430\u0440\u043e\u0432\n\ud83c\udf82 \u0412\u043e\u0437\u0440\u0430\u0441\u0442: 34\n\ud83d\udcf1 \u0422\u0435\u043b\u0435\u0444\u043e\u043d: +79215636424\n\u23f0 \u0414\u0430\u0442\u0430: 13.12.2025 01:13\n\n\u2757 \u0416\u0430\u043b\u043e\u0431\u0430:\n- \u0422\u0440\u0435\u0432\u043e\u0436\u043d\u043e\u0441\u0442\u044c, \u0440\u0430\u0437\u0434\u0440\u0430\u0436\u0438\u0442\u0435\u043b\u044c\u043d\u043e\u0441\u0442\u044c, \u0431\u043e\u043b\u044c \u0432 \u043c\u0430\u043a\u0443\u0448\u043a\u0435, \u0441\u043a\u0443\u043b\u0435, \u0448\u0435\u0435, \u043b\u043e\u043f\u0430\u0442\u043a\u0435","entities":[{"offset":76,"length":12,"type":"phone_number"}]}}
[13.12.2025 01:13:19] Telegram error: 
[13.12.2025 01:13:19] === END SCRIPT ===
[14.12.2025 00:33:57] === START SCRIPT ===
[14.12.2025 00:33:57] POST: {"last_name":"Кононов","first_name":"Тарас","age":"36","phone":"9281779349","complaints":"Шея"}
[14.12.2025 00:33:57] ✅ Все поля получены
[14.12.2025 00:33:59] 📧 Письмо успешно отправлено
[14.12.2025 00:33:59] Telegram result: {"ok":true,"result":{"message_id":110,"from":{"id":8256111621,"is_bot":true,"first_name":"Reception P-DTR","username":"neopdtr_bot"},"chat":{"id":411148134,"first_name":"\u0410\u043d\u0430\u0442\u043e\u043b\u0438\u0439 \u0410\u043b\u0435\u043a\u0441\u0430\u043d\u0434\u0440\u043e\u0432\u0438\u0447","last_name":"\u0428\u0435\u043c\u044f\u043a\u0438\u043d","username":"ShemyakinAA","type":"private"},"date":1765661580,"text":"\ud83d\udcdd \u041d\u043e\u0432\u0430\u044f \u0437\u0430\u044f\u0432\u043a\u0430 \u043a\u043b\u0438\u0435\u043d\u0442\u0430\n\n\ud83d\udc64 \u0424\u0418\u041e: \u0422\u0430\u0440\u0430\u0441 \u041a\u043e\u043d\u043e\u043d\u043e\u0432\n\ud83c\udf82 \u0412\u043e\u0437\u0440\u0430\u0441\u0442: 36\n\ud83d\udcf1 \u0422\u0435\u043b\u0435\u0444\u043e\u043d: 9281779349\n\u23f0 \u0414\u0430\u0442\u0430: 14.12.2025 00:33\n\n\u2757 \u0416\u0430\u043b\u043e\u0431\u0430:\n- \u0428\u0435\u044f"}}
[14.12.2025 00:33:59] Telegram error: 
[14.12.2025 00:33:59] === END SCRIPT ===
[14.12.2025 20:41:24] === START SCRIPT ===
[14.12.2025 20:41:24] POST: {"last_name":"Абадаев ","first_name":"Антон ","age":"35","phone":"+79999652500","complaints":"Боль справа поясница и низ живота . Боль в плече . \r\n"}
[14.12.2025 20:41:24] ✅ Все поля получены
[14.12.2025 20:41:26] 📧 Письмо успешно отправлено
[14.12.2025 20:41:27] Telegram result: {"ok":true,"result":{"message_id":111,"from":{"id":8256111621,"is_bot":true,"first_name":"Reception P-DTR","username":"neopdtr_bot"},"chat":{"id":411148134,"first_name":"\u0410\u043d\u0430\u0442\u043e\u043b\u0438\u0439 \u0410\u043b\u0435\u043a\u0441\u0430\u043d\u0434\u0440\u043e\u0432\u0438\u0447","last_name":"\u0428\u0435\u043c\u044f\u043a\u0438\u043d","username":"ShemyakinAA","type":"private"},"date":1765734027,"text":"\ud83d\udcdd \u041d\u043e\u0432\u0430\u044f \u0437\u0430\u044f\u0432\u043a\u0430 \u043a\u043b\u0438\u0435\u043d\u0442\u0430\n\n\ud83d\udc64 \u0424\u0418\u041e: \u0410\u043d\u0442\u043e\u043d \u0410\u0431\u0430\u0434\u0430\u0435\u0432\n\ud83c\udf82 \u0412\u043e\u0437\u0440\u0430\u0441\u0442: 35\n\ud83d\udcf1 \u0422\u0435\u043b\u0435\u0444\u043e\u043d: +79999652500\n\u23f0 \u0414\u0430\u0442\u0430: 14.12.2025 20:41\n\n\u2757 \u0416\u0430\u043b\u043e\u0431\u0430:\n- \u0411\u043e\u043b\u044c \u0441\u043f\u0440\u0430\u0432\u0430 \u043f\u043e\u044f\u0441\u043d\u0438\u0446\u0430 \u0438 \u043d\u0438\u0437 \u0436\u0438\u0432\u043e\u0442\u0430 . \u0411\u043e\u043b\u044c \u0432 \u043f\u043b\u0435\u0447\u0435 .","entities":[{"offset":74,"length":12,"type":"phone_number"}]}}
[14.12.2025 20:41:27] Telegram error: 
[14.12.2025 20:41:27] === END SCRIPT ===
[15.12.2025 15:46:23] === START SCRIPT ===
[15.12.2025 15:46:23] POST: {"last_name":"Давидчук","first_name":"Сергей","age":"68","phone":"89261805043","complaints":"Давление, суставы"}
[15.12.2025 15:46:23] ✅ Все поля получены
[15.12.2025 15:46:26] 📧 Письмо успешно отправлено
[15.12.2025 15:46:26] Telegram result: {"ok":true,"result":{"message_id":112,"from":{"id":8256111621,"is_bot":true,"first_name":"Reception P-DTR","username":"neopdtr_bot"},"chat":{"id":411148134,"first_name":"\u0410\u043d\u0430\u0442\u043e\u043b\u0438\u0439 \u0410\u043b\u0435\u043a\u0441\u0430\u043d\u0434\u0440\u043e\u0432\u0438\u0447","last_name":"\u0428\u0435\u043c\u044f\u043a\u0438\u043d","username":"ShemyakinAA","type":"private"},"date":1765802727,"text":"\ud83d\udcdd \u041d\u043e\u0432\u0430\u044f \u0437\u0430\u044f\u0432\u043a\u0430 \u043a\u043b\u0438\u0435\u043d\u0442\u0430\n\n\ud83d\udc64 \u0424\u0418\u041e: \u0421\u0435\u0440\u0433\u0435\u0439 \u0414\u0430\u0432\u0438\u0434\u0447\u0443\u043a\n\ud83c\udf82 \u0412\u043e\u0437\u0440\u0430\u0441\u0442: 68\n\ud83d\udcf1 \u0422\u0435\u043b\u0435\u0444\u043e\u043d: 89261805043\n\u23f0 \u0414\u0430\u0442\u0430: 15.12.2025 15:46\n\n\u2757 \u0416\u0430\u043b\u043e\u0431\u0430:\n- \u0414\u0430\u0432\u043b\u0435\u043d\u0438\u0435, \u0441\u0443\u0441\u0442\u0430\u0432\u044b"}}
[15.12.2025 15:46:26] Telegram error: 
[15.12.2025 15:46:26] === END SCRIPT ===
[21.12.2025 14:24:14] === START SCRIPT ===
[21.12.2025 14:24:14] POST: {"last_name":"Сахаров","first_name":"Никита","age":"27","phone":"89037774763","complaints":"Паническая атака бесконечная. Накрыла и не отпускает"}
[21.12.2025 14:24:14] ✅ Все поля получены
[21.12.2025 14:24:15] 📧 Письмо успешно отправлено
[21.12.2025 14:24:16] Telegram result: {"ok":true,"result":{"message_id":113,"from":{"id":8256111621,"is_bot":true,"first_name":"Reception P-DTR","username":"neopdtr_bot"},"chat":{"id":411148134,"first_name":"\u0410\u043d\u0430\u0442\u043e\u043b\u0438\u0439 \u0410\u043b\u0435\u043a\u0441\u0430\u043d\u0434\u0440\u043e\u0432\u0438\u0447","last_name":"\u0428\u0435\u043c\u044f\u043a\u0438\u043d","username":"ShemyakinAA","type":"private"},"date":1766316197,"text":"\ud83d\udcdd \u041d\u043e\u0432\u0430\u044f \u0437\u0430\u044f\u0432\u043a\u0430 \u043a\u043b\u0438\u0435\u043d\u0442\u0430\n\n\ud83d\udc64 \u0424\u0418\u041e: \u041d\u0438\u043a\u0438\u0442\u0430 \u0421\u0430\u0445\u0430\u0440\u043e\u0432\n\ud83c\udf82 \u0412\u043e\u0437\u0440\u0430\u0441\u0442: 27\n\ud83d\udcf1 \u0422\u0435\u043b\u0435\u0444\u043e\u043d: 89037774763\n\u23f0 \u0414\u0430\u0442\u0430: 21.12.2025 14:24\n\n\u2757 \u0416\u0430\u043b\u043e\u0431\u0430:\n- \u041f\u0430\u043d\u0438\u0447\u0435\u0441\u043a\u0430\u044f \u0430\u0442\u0430\u043a\u0430 \u0431\u0435\u0441\u043a\u043e\u043d\u0435\u0447\u043d\u0430\u044f. \u041d\u0430\u043a\u0440\u044b\u043b\u0430 \u0438 \u043d\u0435 \u043e\u0442\u043f\u0443\u0441\u043a\u0430\u0435\u0442"}}
[21.12.2025 14:24:16] Telegram error: 
[21.12.2025 14:24:16] === END SCRIPT ===
[22.12.2025 12:17:24] === START SCRIPT ===
[22.12.2025 12:17:24] POST: {"last_name":"Абакумов ","first_name":"Олег ","age":"37","phone":"9661088940","complaints":"Боли в пояснице "}
[22.12.2025 12:17:24] ✅ Все поля получены
[22.12.2025 12:17:26] 📧 Письмо успешно отправлено
[22.12.2025 12:17:26] Telegram result: {"ok":true,"result":{"message_id":114,"from":{"id":8256111621,"is_bot":true,"first_name":"Reception P-DTR","username":"neopdtr_bot"},"chat":{"id":411148134,"first_name":"\u0410\u043d\u0430\u0442\u043e\u043b\u0438\u0439 \u0410\u043b\u0435\u043a\u0441\u0430\u043d\u0434\u0440\u043e\u0432\u0438\u0447","last_name":"\u0428\u0435\u043c\u044f\u043a\u0438\u043d","username":"ShemyakinAA","type":"private"},"date":1766394988,"text":"\ud83d\udcdd \u041d\u043e\u0432\u0430\u044f \u0437\u0430\u044f\u0432\u043a\u0430 \u043a\u043b\u0438\u0435\u043d\u0442\u0430\n\n\ud83d\udc64 \u0424\u0418\u041e: \u041e\u043b\u0435\u0433 \u0410\u0431\u0430\u043a\u0443\u043c\u043e\u0432\n\ud83c\udf82 \u0412\u043e\u0437\u0440\u0430\u0441\u0442: 37\n\ud83d\udcf1 \u0422\u0435\u043b\u0435\u0444\u043e\u043d: 9661088940\n\u23f0 \u0414\u0430\u0442\u0430: 22.12.2025 12:17\n\n\u2757 \u0416\u0430\u043b\u043e\u0431\u0430:\n- \u0411\u043e\u043b\u0438 \u0432 \u043f\u043e\u044f\u0441\u043d\u0438\u0446\u0435"}}
[22.12.2025 12:17:26] Telegram error: 
[22.12.2025 12:17:26] === END SCRIPT ===
[23.12.2025 15:44:24] === START SCRIPT ===
[23.12.2025 15:44:24] POST: {"last_name":"Белякова","first_name":"Екатерина","age":"9","phone":"9771573468","complaints":"Ребёнок просыпается часто ночью, бывает плачет даже. Часто при вирусном заболевании наступает обструктивный бронхит."}
[23.12.2025 15:44:24] ✅ Все поля получены
[23.12.2025 15:44:26] 📧 Письмо успешно отправлено
[23.12.2025 15:44:27] Telegram result: {"ok":true,"result":{"message_id":115,"from":{"id":8256111621,"is_bot":true,"first_name":"Reception P-DTR","username":"neopdtr_bot"},"chat":{"id":411148134,"first_name":"\u0410\u043d\u0430\u0442\u043e\u043b\u0438\u0439 \u0410\u043b\u0435\u043a\u0441\u0430\u043d\u0434\u0440\u043e\u0432\u0438\u0447","last_name":"\u0428\u0435\u043c\u044f\u043a\u0438\u043d","username":"ShemyakinAA","type":"private"},"date":1766493808,"text":"\ud83d\udcdd \u041d\u043e\u0432\u0430\u044f \u0437\u0430\u044f\u0432\u043a\u0430 \u043a\u043b\u0438\u0435\u043d\u0442\u0430\n\n\ud83d\udc64 \u0424\u0418\u041e: \u0415\u043a\u0430\u0442\u0435\u0440\u0438\u043d\u0430 \u0411\u0435\u043b\u044f\u043a\u043e\u0432\u0430\n\ud83c\udf82 \u0412\u043e\u0437\u0440\u0430\u0441\u0442: 9\n\ud83d\udcf1 \u0422\u0435\u043b\u0435\u0444\u043e\u043d: 9771573468\n\u23f0 \u0414\u0430\u0442\u0430: 23.12.2025 15:44\n\n\u2757 \u0416\u0430\u043b\u043e\u0431\u0430:\n- \u0420\u0435\u0431\u0451\u043d\u043e\u043a \u043f\u0440\u043e\u0441\u044b\u043f\u0430\u0435\u0442\u0441\u044f \u0447\u0430\u0441\u0442\u043e \u043d\u043e\u0447\u044c\u044e, \u0431\u044b\u0432\u0430\u0435\u0442 \u043f\u043b\u0430\u0447\u0435\u0442 \u0434\u0430\u0436\u0435. \u0427\u0430\u0441\u0442\u043e \u043f\u0440\u0438 \u0432\u0438\u0440\u0443\u0441\u043d\u043e\u043c \u0437\u0430\u0431\u043e\u043b\u0435\u0432\u0430\u043d\u0438\u0438 \u043d\u0430\u0441\u0442\u0443\u043f\u0430\u0435\u0442 \u043e\u0431\u0441\u0442\u0440\u0443\u043a\u0442\u0438\u0432\u043d\u044b\u0439 \u0431\u0440\u043e\u043d\u0445\u0438\u0442."}}
[23.12.2025 15:44:27] Telegram error: 
[23.12.2025 15:44:27] === END SCRIPT ===
[27.12.2025 21:10:55] === START SCRIPT ===
[27.12.2025 21:10:55] POST: {"last_name":"Богату","first_name":"Алла","age":"35","phone":"89295872582","complaints":"шея"}
[27.12.2025 21:10:55] ✅ Все поля получены
[27.12.2025 21:11:01] 📧 Письмо успешно отправлено
[27.12.2025 21:11:01] Telegram result: {"ok":true,"result":{"message_id":116,"from":{"id":8256111621,"is_bot":true,"first_name":"Reception P-DTR","username":"neopdtr_bot"},"chat":{"id":411148134,"first_name":"\u0410\u043d\u0430\u0442\u043e\u043b\u0438\u0439 \u0410\u043b\u0435\u043a\u0441\u0430\u043d\u0434\u0440\u043e\u0432\u0438\u0447","last_name":"\u0428\u0435\u043c\u044f\u043a\u0438\u043d","username":"ShemyakinAA","type":"private"},"date":1766859003,"text":"\ud83d\udcdd \u041d\u043e\u0432\u0430\u044f \u0437\u0430\u044f\u0432\u043a\u0430 \u043a\u043b\u0438\u0435\u043d\u0442\u0430\n\n\ud83d\udc64 \u0424\u0418\u041e: \u0410\u043b\u043b\u0430 \u0411\u043e\u0433\u0430\u0442\u0443\n\ud83c\udf82 \u0412\u043e\u0437\u0440\u0430\u0441\u0442: 35\n\ud83d\udcf1 \u0422\u0435\u043b\u0435\u0444\u043e\u043d: 89295872582\n\u23f0 \u0414\u0430\u0442\u0430: 27.12.2025 21:10\n\n\u2757 \u0416\u0430\u043b\u043e\u0431\u0430:\n- \u0448\u0435\u044f"}}
[27.12.2025 21:11:01] Telegram error: 
[27.12.2025 21:11:01] === END SCRIPT ===
[28.12.2025 10:58:35] === START SCRIPT ===
[28.12.2025 10:58:35] POST: {"last_name":"Кинаева","first_name":"Тимофей","age":"13","phone":"+79852471160","complaints":"Пишет мама, телефон тоже мой) Подросток 13 лет, частые головные боли. Не подвижный, везде зажимы,  тело не слушается, нет гибкости. Не умеет приседать правильно, отжиматься.  "}
[28.12.2025 10:58:35] ✅ Все поля получены
[28.12.2025 10:58:42] 📧 Письмо успешно отправлено
[28.12.2025 10:58:42] Telegram result: {"ok":true,"result":{"message_id":117,"from":{"id":8256111621,"is_bot":true,"first_name":"Reception P-DTR","username":"neopdtr_bot"},"chat":{"id":411148134,"first_name":"\u0410\u043d\u0430\u0442\u043e\u043b\u0438\u0439 \u0410\u043b\u0435\u043a\u0441\u0430\u043d\u0434\u0440\u043e\u0432\u0438\u0447","last_name":"\u0428\u0435\u043c\u044f\u043a\u0438\u043d","username":"ShemyakinAA","type":"private"},"date":1766908664,"text":"\ud83d\udcdd \u041d\u043e\u0432\u0430\u044f \u0437\u0430\u044f\u0432\u043a\u0430 \u043a\u043b\u0438\u0435\u043d\u0442\u0430\n\n\ud83d\udc64 \u0424\u0418\u041e: \u0422\u0438\u043c\u043e\u0444\u0435\u0439 \u041a\u0438\u043d\u0430\u0435\u0432\u0430\n\ud83c\udf82 \u0412\u043e\u0437\u0440\u0430\u0441\u0442: 13\n\ud83d\udcf1 \u0422\u0435\u043b\u0435\u0444\u043e\u043d: +79852471160\n\u23f0 \u0414\u0430\u0442\u0430: 28.12.2025 10:58\n\n\u2757 \u0416\u0430\u043b\u043e\u0431\u0430:\n- \u041f\u0438\u0448\u0435\u0442 \u043c\u0430\u043c\u0430, \u0442\u0435\u043b\u0435\u0444\u043e\u043d \u0442\u043e\u0436\u0435 \u043c\u043e\u0439) \u041f\u043e\u0434\u0440\u043e\u0441\u0442\u043e\u043a 13 \u043b\u0435\u0442, \u0447\u0430\u0441\u0442\u044b\u0435 \u0433\u043e\u043b\u043e\u0432\u043d\u044b\u0435 \u0431\u043e\u043b\u0438. \u041d\u0435 \u043f\u043e\u0434\u0432\u0438\u0436\u043d\u044b\u0439, \u0432\u0435\u0437\u0434\u0435 \u0437\u0430\u0436\u0438\u043c\u044b,  \u0442\u0435\u043b\u043e \u043d\u0435 \u0441\u043b\u0443\u0448\u0430\u0435\u0442\u0441\u044f, \u043d\u0435\u0442 \u0433\u0438\u0431\u043a\u043e\u0441\u0442\u0438. \u041d\u0435 \u0443\u043c\u0435\u0435\u0442 \u043f\u0440\u0438\u0441\u0435\u0434\u0430\u0442\u044c \u043f\u0440\u0430\u0432\u0438\u043b\u044c\u043d\u043e, \u043e\u0442\u0436\u0438\u043c\u0430\u0442\u044c\u0441\u044f.","entities":[{"offset":76,"length":12,"type":"phone_number"}]}}
[28.12.2025 10:58:42] Telegram error: 
[28.12.2025 10:58:42] === END SCRIPT ===
[30.12.2025 11:18:24] === START SCRIPT ===
[30.12.2025 11:18:24] POST: {"last_name":"Лазарев","first_name":"Антон","age":"40","phone":"+79259053213","complaints":"Болят суставы, болит поясница, болят колени, болят ноги"}
[30.12.2025 11:18:24] ✅ Все поля получены
[30.12.2025 11:18:26] 📧 Письмо успешно отправлено
[30.12.2025 11:18:26] Telegram result: {"ok":true,"result":{"message_id":118,"from":{"id":8256111621,"is_bot":true,"first_name":"Reception P-DTR","username":"neopdtr_bot"},"chat":{"id":411148134,"first_name":"\u0410\u043d\u0430\u0442\u043e\u043b\u0438\u0439 \u0410\u043b\u0435\u043a\u0441\u0430\u043d\u0434\u0440\u043e\u0432\u0438\u0447","last_name":"\u0428\u0435\u043c\u044f\u043a\u0438\u043d","username":"ShemyakinAA","type":"private"},"date":1767082649,"text":"\ud83d\udcdd \u041d\u043e\u0432\u0430\u044f \u0437\u0430\u044f\u0432\u043a\u0430 \u043a\u043b\u0438\u0435\u043d\u0442\u0430\n\n\ud83d\udc64 \u0424\u0418\u041e: \u0410\u043d\u0442\u043e\u043d \u041b\u0430\u0437\u0430\u0440\u0435\u0432\n\ud83c\udf82 \u0412\u043e\u0437\u0440\u0430\u0441\u0442: 40\n\ud83d\udcf1 \u0422\u0435\u043b\u0435\u0444\u043e\u043d: +79259053213\n\u23f0 \u0414\u0430\u0442\u0430: 30.12.2025 11:18\n\n\u2757 \u0416\u0430\u043b\u043e\u0431\u0430:\n- \u0411\u043e\u043b\u044f\u0442 \u0441\u0443\u0441\u0442\u0430\u0432\u044b, \u0431\u043e\u043b\u0438\u0442 \u043f\u043e\u044f\u0441\u043d\u0438\u0446\u0430, \u0431\u043e\u043b\u044f\u0442 \u043a\u043e\u043b\u0435\u043d\u0438, \u0431\u043e\u043b\u044f\u0442 \u043d\u043e\u0433\u0438","entities":[{"offset":74,"length":12,"type":"phone_number"}]}}
[30.12.2025 11:18:26] Telegram error: 
[30.12.2025 11:18:26] === END SCRIPT ===
[08.01.2026 00:22:50] === START SCRIPT ===
[08.01.2026 00:22:50] POST: {"last_name":"Иванов","first_name":"Петр ","age":"48","phone":"9655192473","complaints":"Боли в спине "}
[08.01.2026 00:22:50] ✅ Все поля получены
[08.01.2026 00:22:53] 📧 Письмо успешно отправлено
[08.01.2026 00:22:53] Telegram result: {"ok":true,"result":{"message_id":119,"from":{"id":8256111621,"is_bot":true,"first_name":"Reception P-DTR","username":"neopdtr_bot"},"chat":{"id":411148134,"first_name":"\u0410\u043d\u0430\u0442\u043e\u043b\u0438\u0439 \u0410\u043b\u0435\u043a\u0441\u0430\u043d\u0434\u0440\u043e\u0432\u0438\u0447","last_name":"\u0428\u0435\u043c\u044f\u043a\u0438\u043d","username":"ShemyakinAA","type":"private"},"date":1767820916,"text":"\ud83d\udcdd \u041d\u043e\u0432\u0430\u044f \u0437\u0430\u044f\u0432\u043a\u0430 \u043a\u043b\u0438\u0435\u043d\u0442\u0430\n\n\ud83d\udc64 \u0424\u0418\u041e: \u041f\u0435\u0442\u0440 \u0418\u0432\u0430\u043d\u043e\u0432\n\ud83c\udf82 \u0412\u043e\u0437\u0440\u0430\u0441\u0442: 48\n\ud83d\udcf1 \u0422\u0435\u043b\u0435\u0444\u043e\u043d: 9655192473\n\u23f0 \u0414\u0430\u0442\u0430: 08.01.2026 00:22\n\n\u2757 \u0416\u0430\u043b\u043e\u0431\u0430:\n- \u0411\u043e\u043b\u0438 \u0432 \u0441\u043f\u0438\u043d\u0435"}}
[08.01.2026 00:22:53] Telegram error: 
[08.01.2026 00:22:53] === END SCRIPT ===
[14.01.2026 19:20:52] === START SCRIPT ===
[14.01.2026 19:20:52] POST: {"last_name":"Волков","first_name":"Александр","age":"31","phone":"89263931242","complaints":"Было около 5 лет назад надрыв\/перенапряжение связокголеностопа, беспокоит периодически до сих пор+ хруст) "}
[14.01.2026 19:20:52] ✅ Все поля получены
[14.01.2026 19:20:55] 📧 Письмо успешно отправлено
[14.01.2026 19:20:55] Telegram result: {"ok":true,"result":{"message_id":120,"from":{"id":8256111621,"is_bot":true,"first_name":"Reception P-DTR","username":"neopdtr_bot"},"chat":{"id":411148134,"first_name":"\u0410\u043d\u0430\u0442\u043e\u043b\u0438\u0439 \u0410\u043b\u0435\u043a\u0441\u0430\u043d\u0434\u0440\u043e\u0432\u0438\u0447","last_name":"\u0428\u0435\u043c\u044f\u043a\u0438\u043d","username":"ShemyakinAA","type":"private"},"date":1768407600,"text":"\ud83d\udcdd \u041d\u043e\u0432\u0430\u044f \u0437\u0430\u044f\u0432\u043a\u0430 \u043a\u043b\u0438\u0435\u043d\u0442\u0430\n\n\ud83d\udc64 \u0424\u0418\u041e: \u0410\u043b\u0435\u043a\u0441\u0430\u043d\u0434\u0440 \u0412\u043e\u043b\u043a\u043e\u0432\n\ud83c\udf82 \u0412\u043e\u0437\u0440\u0430\u0441\u0442: 31\n\ud83d\udcf1 \u0422\u0435\u043b\u0435\u0444\u043e\u043d: 89263931242\n\u23f0 \u0414\u0430\u0442\u0430: 14.01.2026 19:20\n\n\u2757 \u0416\u0430\u043b\u043e\u0431\u0430:\n- \u0411\u044b\u043b\u043e \u043e\u043a\u043e\u043b\u043e 5 \u043b\u0435\u0442 \u043d\u0430\u0437\u0430\u0434 \u043d\u0430\u0434\u0440\u044b\u0432/\u043f\u0435\u0440\u0435\u043d\u0430\u043f\u0440\u044f\u0436\u0435\u043d\u0438\u0435 \u0441\u0432\u044f\u0437\u043e\u043a\u0433\u043e\u043b\u0435\u043d\u043e\u0441\u0442\u043e\u043f\u0430, \u0431\u0435\u0441\u043f\u043e\u043a\u043e\u0438\u0442 \u043f\u0435\u0440\u0438\u043e\u0434\u0438\u0447\u0435\u0441\u043a\u0438 \u0434\u043e \u0441\u0438\u0445 \u043f\u043e\u0440+ \u0445\u0440\u0443\u0441\u0442)"}}
[14.01.2026 19:20:55] Telegram error: 
[14.01.2026 19:20:55] === END SCRIPT ===
[14.01.2026 22:11:44] === START SCRIPT ===
[14.01.2026 22:11:44] POST: {"last_name":"Сорокина ","first_name":"Анна","age":"48","phone":"79158155400","complaints":"Правое бедро от крестца"}
[14.01.2026 22:11:44] ✅ Все поля получены
[14.01.2026 22:11:46] 📧 Письмо успешно отправлено
[14.01.2026 22:11:46] Telegram result: {"ok":true,"result":{"message_id":121,"from":{"id":8256111621,"is_bot":true,"first_name":"Reception P-DTR","username":"neopdtr_bot"},"chat":{"id":411148134,"first_name":"\u0410\u043d\u0430\u0442\u043e\u043b\u0438\u0439 \u0410\u043b\u0435\u043a\u0441\u0430\u043d\u0434\u0440\u043e\u0432\u0438\u0447","last_name":"\u0428\u0435\u043c\u044f\u043a\u0438\u043d","username":"ShemyakinAA","type":"private"},"date":1768417851,"text":"\ud83d\udcdd \u041d\u043e\u0432\u0430\u044f \u0437\u0430\u044f\u0432\u043a\u0430 \u043a\u043b\u0438\u0435\u043d\u0442\u0430\n\n\ud83d\udc64 \u0424\u0418\u041e: \u0410\u043d\u043d\u0430 \u0421\u043e\u0440\u043e\u043a\u0438\u043d\u0430\n\ud83c\udf82 \u0412\u043e\u0437\u0440\u0430\u0441\u0442: 48\n\ud83d\udcf1 \u0422\u0435\u043b\u0435\u0444\u043e\u043d: 79158155400\n\u23f0 \u0414\u0430\u0442\u0430: 14.01.2026 22:11\n\n\u2757 \u0416\u0430\u043b\u043e\u0431\u0430:\n- \u041f\u0440\u0430\u0432\u043e\u0435 \u0431\u0435\u0434\u0440\u043e \u043e\u0442 \u043a\u0440\u0435\u0441\u0442\u0446\u0430"}}
[14.01.2026 22:11:46] Telegram error: 
[14.01.2026 22:11:46] === END SCRIPT ===
[17.01.2026 16:36:13] === START SCRIPT ===
[17.01.2026 16:36:13] POST: {"last_name":"Платонова","first_name":"Светлана","age":"60","phone":"89039756098","complaints":"Левая рука поднимается, только на половину "}
[17.01.2026 16:36:13] ✅ Все поля получены
[17.01.2026 16:36:15] 📧 Письмо успешно отправлено
[17.01.2026 16:36:16] Telegram result: {"ok":true,"result":{"message_id":122,"from":{"id":8256111621,"is_bot":true,"first_name":"Reception P-DTR","username":"neopdtr_bot"},"chat":{"id":411148134,"first_name":"\u0410\u043d\u0430\u0442\u043e\u043b\u0438\u0439 \u0410\u043b\u0435\u043a\u0441\u0430\u043d\u0434\u0440\u043e\u0432\u0438\u0447","last_name":"\u0428\u0435\u043c\u044f\u043a\u0438\u043d","username":"ShemyakinAA","type":"private"},"date":1768656920,"text":"\ud83d\udcdd \u041d\u043e\u0432\u0430\u044f \u0437\u0430\u044f\u0432\u043a\u0430 \u043a\u043b\u0438\u0435\u043d\u0442\u0430\n\n\ud83d\udc64 \u0424\u0418\u041e: \u0421\u0432\u0435\u0442\u043b\u0430\u043d\u0430 \u041f\u043b\u0430\u0442\u043e\u043d\u043e\u0432\u0430\n\ud83c\udf82 \u0412\u043e\u0437\u0440\u0430\u0441\u0442: 60\n\ud83d\udcf1 \u0422\u0435\u043b\u0435\u0444\u043e\u043d: 89039756098\n\u23f0 \u0414\u0430\u0442\u0430: 17.01.2026 16:36\n\n\u2757 \u0416\u0430\u043b\u043e\u0431\u0430:\n- \u041b\u0435\u0432\u0430\u044f \u0440\u0443\u043a\u0430 \u043f\u043e\u0434\u043d\u0438\u043c\u0430\u0435\u0442\u0441\u044f, \u0442\u043e\u043b\u044c\u043a\u043e \u043d\u0430 \u043f\u043e\u043b\u043e\u0432\u0438\u043d\u0443"}}
[17.01.2026 16:36:16] Telegram error: 
[17.01.2026 16:36:16] === END SCRIPT ===
[22.01.2026 15:27:05] === START SCRIPT ===
[22.01.2026 15:27:05] POST: {"last_name":"Серебрякова","first_name":"Алина","age":"20","phone":"+79858793292","complaints":"Боли в плечах. Обучиться методу. Преподавание танца."}
[22.01.2026 15:27:05] ✅ Все поля получены
[22.01.2026 15:27:07] 📧 Письмо успешно отправлено
[22.01.2026 15:27:07] Telegram result: {"ok":true,"result":{"message_id":125,"from":{"id":8256111621,"is_bot":true,"first_name":"Reception P-DTR","username":"neopdtr_bot"},"chat":{"id":411148134,"first_name":"\u0410\u043d\u0430\u0442\u043e\u043b\u0438\u0439 \u0410\u043b\u0435\u043a\u0441\u0430\u043d\u0434\u0440\u043e\u0432\u0438\u0447","last_name":"\u0428\u0435\u043c\u044f\u043a\u0438\u043d","username":"ShemyakinAA","type":"private"},"date":1769084773,"text":"\ud83d\udcdd \u041d\u043e\u0432\u0430\u044f \u0437\u0430\u044f\u0432\u043a\u0430 \u043a\u043b\u0438\u0435\u043d\u0442\u0430\n\n\ud83d\udc64 \u0424\u0418\u041e: \u0410\u043b\u0438\u043d\u0430 \u0421\u0435\u0440\u0435\u0431\u0440\u044f\u043a\u043e\u0432\u0430\n\ud83c\udf82 \u0412\u043e\u0437\u0440\u0430\u0441\u0442: 20\n\ud83d\udcf1 \u0422\u0435\u043b\u0435\u0444\u043e\u043d: +79858793292\n\u23f0 \u0414\u0430\u0442\u0430: 22.01.2026 15:27\n\n\u2757 \u0416\u0430\u043b\u043e\u0431\u0430:\n- \u0411\u043e\u043b\u0438 \u0432 \u043f\u043b\u0435\u0447\u0430\u0445. \u041e\u0431\u0443\u0447\u0438\u0442\u044c\u0441\u044f \u043c\u0435\u0442\u043e\u0434\u0443. \u041f\u0440\u0435\u043f\u043e\u0434\u0430\u0432\u0430\u043d\u0438\u0435 \u0442\u0430\u043d\u0446\u0430.","entities":[{"offset":78,"length":12,"type":"phone_number"}]}}
[22.01.2026 15:27:07] Telegram error: 
[22.01.2026 15:27:07] === END SCRIPT ===
[24.01.2026 15:02:47] === START SCRIPT ===
[24.01.2026 15:02:47] POST: {"last_name":"Ершова","first_name":"Лариса","age":"59","phone":"9237166671","complaints":"Все"}
[24.01.2026 15:02:47] ✅ Все поля получены
[24.01.2026 15:02:49] 📧 Письмо успешно отправлено
[24.01.2026 15:02:49] Telegram result: {"ok":true,"result":{"message_id":126,"from":{"id":8256111621,"is_bot":true,"first_name":"Reception P-DTR","username":"neopdtr_bot"},"chat":{"id":411148134,"first_name":"\u0410\u043d\u0430\u0442\u043e\u043b\u0438\u0439 \u0410\u043b\u0435\u043a\u0441\u0430\u043d\u0434\u0440\u043e\u0432\u0438\u0447","last_name":"\u0428\u0435\u043c\u044f\u043a\u0438\u043d","username":"ShemyakinAA","type":"private"},"date":1769256115,"text":"\ud83d\udcdd \u041d\u043e\u0432\u0430\u044f \u0437\u0430\u044f\u0432\u043a\u0430 \u043a\u043b\u0438\u0435\u043d\u0442\u0430\n\n\ud83d\udc64 \u0424\u0418\u041e: \u041b\u0430\u0440\u0438\u0441\u0430 \u0415\u0440\u0448\u043e\u0432\u0430\n\ud83c\udf82 \u0412\u043e\u0437\u0440\u0430\u0441\u0442: 59\n\ud83d\udcf1 \u0422\u0435\u043b\u0435\u0444\u043e\u043d: 9237166671\n\u23f0 \u0414\u0430\u0442\u0430: 24.01.2026 15:02\n\n\u2757 \u0416\u0430\u043b\u043e\u0431\u0430:\n- \u0412\u0441\u0435"}}
[24.01.2026 15:02:49] Telegram error: 
[24.01.2026 15:02:49] === END SCRIPT ===
[26.01.2026 23:45:07] === START SCRIPT ===
[26.01.2026 23:45:07] POST: {"last_name":"Субботин","first_name":"Дмитрий ","age":"41","phone":"89037658703","complaints":"Хромаю на левую ногу"}
[26.01.2026 23:45:07] ✅ Все поля получены
[26.01.2026 23:45:09] 📧 Письмо успешно отправлено
[26.01.2026 23:45:10] Telegram result: {"ok":true,"result":{"message_id":128,"from":{"id":8256111621,"is_bot":true,"first_name":"Reception P-DTR","username":"neopdtr_bot"},"chat":{"id":411148134,"first_name":"\u0410\u043d\u0430\u0442\u043e\u043b\u0438\u0439 \u0410\u043b\u0435\u043a\u0441\u0430\u043d\u0434\u0440\u043e\u0432\u0438\u0447","last_name":"\u0428\u0435\u043c\u044f\u043a\u0438\u043d","username":"ShemyakinAA","type":"private"},"date":1769460255,"text":"\ud83d\udcdd \u041d\u043e\u0432\u0430\u044f \u0437\u0430\u044f\u0432\u043a\u0430 \u043a\u043b\u0438\u0435\u043d\u0442\u0430\n\n\ud83d\udc64 \u0424\u0418\u041e: \u0414\u043c\u0438\u0442\u0440\u0438\u0439 \u0421\u0443\u0431\u0431\u043e\u0442\u0438\u043d\n\ud83c\udf82 \u0412\u043e\u0437\u0440\u0430\u0441\u0442: 41\n\ud83d\udcf1 \u0422\u0435\u043b\u0435\u0444\u043e\u043d: 89037658703\n\u23f0 \u0414\u0430\u0442\u0430: 26.01.2026 23:45\n\n\u2757 \u0416\u0430\u043b\u043e\u0431\u0430:\n- \u0425\u0440\u043e\u043c\u0430\u044e \u043d\u0430 \u043b\u0435\u0432\u0443\u044e \u043d\u043e\u0433\u0443"}}
[26.01.2026 23:45:10] Telegram error: 
[26.01.2026 23:45:10] === END SCRIPT ===
[01.02.2026 18:26:48] === START SCRIPT ===
[01.02.2026 18:26:48] POST: {"last_name":"Гаврилова","first_name":"Ксения ","age":"39","phone":"+79035593575","complaints":"Коленка "}
[01.02.2026 18:26:48] ✅ Все поля получены
[01.02.2026 18:26:50] 📧 Письмо успешно отправлено
[01.02.2026 18:26:50] Telegram result: {"ok":true,"result":{"message_id":129,"from":{"id":8256111621,"is_bot":true,"first_name":"Reception P-DTR","username":"neopdtr_bot"},"chat":{"id":411148134,"first_name":"\u0410\u043d\u0430\u0442\u043e\u043b\u0438\u0439 \u0410\u043b\u0435\u043a\u0441\u0430\u043d\u0434\u0440\u043e\u0432\u0438\u0447","last_name":"\u0428\u0435\u043c\u044f\u043a\u0438\u043d","username":"ShemyakinAA","type":"private"},"date":1769959556,"text":"\ud83d\udcdd \u041d\u043e\u0432\u0430\u044f \u0437\u0430\u044f\u0432\u043a\u0430 \u043a\u043b\u0438\u0435\u043d\u0442\u0430\n\n\ud83d\udc64 \u0424\u0418\u041e: \u041a\u0441\u0435\u043d\u0438\u044f \u0413\u0430\u0432\u0440\u0438\u043b\u043e\u0432\u0430\n\ud83c\udf82 \u0412\u043e\u0437\u0440\u0430\u0441\u0442: 39\n\ud83d\udcf1 \u0422\u0435\u043b\u0435\u0444\u043e\u043d: +79035593575\n\u23f0 \u0414\u0430\u0442\u0430: 01.02.2026 18:26\n\n\u2757 \u0416\u0430\u043b\u043e\u0431\u0430:\n- \u041a\u043e\u043b\u0435\u043d\u043a\u0430","entities":[{"offset":77,"length":12,"type":"phone_number"}]}}
[01.02.2026 18:26:50] Telegram error: 
[01.02.2026 18:26:50] === END SCRIPT ===
[12.02.2026 00:42:17] === START SCRIPT ===
[12.02.2026 00:42:17] POST: {"last_name":"Родина","first_name":"Асель ","age":"40","phone":"89660962626","complaints":"Боли в спине "}
[12.02.2026 00:42:17] ✅ Все поля получены
[12.02.2026 00:42:19] 📧 Письмо успешно отправлено
[12.02.2026 00:42:20] Telegram result: {"ok":true,"result":{"message_id":131,"from":{"id":8256111621,"is_bot":true,"first_name":"Reception P-DTR","username":"neopdtr_bot"},"chat":{"id":411148134,"first_name":"\u0410\u043d\u0430\u0442\u043e\u043b\u0438\u0439 \u0410\u043b\u0435\u043a\u0441\u0430\u043d\u0434\u0440\u043e\u0432\u0438\u0447","last_name":"\u0428\u0435\u043c\u044f\u043a\u0438\u043d","username":"ShemyakinAA","type":"private"},"date":1770846087,"text":"\ud83d\udcdd \u041d\u043e\u0432\u0430\u044f \u0437\u0430\u044f\u0432\u043a\u0430 \u043a\u043b\u0438\u0435\u043d\u0442\u0430\n\n\ud83d\udc64 \u0424\u0418\u041e: \u0410\u0441\u0435\u043b\u044c \u0420\u043e\u0434\u0438\u043d\u0430\n\ud83c\udf82 \u0412\u043e\u0437\u0440\u0430\u0441\u0442: 40\n\ud83d\udcf1 \u0422\u0435\u043b\u0435\u0444\u043e\u043d: 89660962626\n\u23f0 \u0414\u0430\u0442\u0430: 12.02.2026 00:42\n\n\u2757 \u0416\u0430\u043b\u043e\u0431\u0430:\n- \u0411\u043e\u043b\u0438 \u0432 \u0441\u043f\u0438\u043d\u0435"}}
[12.02.2026 00:42:20] Telegram error: 
[12.02.2026 00:42:20] === END SCRIPT ===
